#
# There is insufficient memory for the Java Runtime Environment to continue.
# Native memory allocation (malloc) failed to allocate 1048576 bytes for AllocateHeap
# Possible reasons:
#   The system is out of physical RAM or swap space
#   The process is running with CompressedOops enabled, and the Java Heap may be blocking the growth of the native heap
# Possible solutions:
#   Reduce memory load on the system
#   Increase physical memory or swap space
#   Check if swap backing store is full
#   Decrease Java heap size (-Xmx/-Xms)
#   Decrease number of Java threads
#   Decrease Java thread stack sizes (-Xss)
#   Set larger code cache with -XX:ReservedCodeCacheSize=
#   JVM is running with Unscaled Compressed Oops mode in which the Java heap is
#     placed in the first 4GB address space. The Java Heap base address is the
#     maximum limit for the native heap growth. Please use -XX:HeapBaseMinAddress
#     to set the Java Heap base and to place the Java Heap above 4GB virtual address.
# This output file may be truncated or incomplete.
#
#  Out of Memory Error (allocation.cpp:44), pid=3060, tid=12292
#
# JRE version:  (17.0.6) (build )
# Java VM: OpenJDK 64-Bit Server VM (17.0.6+0-b2043.56-9586694, mixed mode, sharing, tiered, compressed oops, compressed class ptrs, g1 gc, windows-amd64)
# No core dump will be written. Minidumps are not enabled by default on client versions of Windows
#

---------------  S U M M A R Y ------------

Command Line: -Dorg.gradle.appname=gradlew org.gradle.wrapper.GradleWrapperMain -q -Ptarget-platform=android-x86 -Ptarget=E:\Kuliah\PROPOSAL DAN SKRIPSI\SKRIPSI\aplikasi android\imunisasiku\lib\main.dart -Pbase-application-name=android.app.Application -Pdart-obfuscation=false -Ptrack-widget-creation=true -Ptree-shake-icons=false -Pfilesystem-scheme=org-dartlang-root assembleDebug

Host: AMD Ryzen 5 3500U with Radeon Vega Mobile Gfx  , 8 cores, 6G,  Windows 11 , 64 bit Build 22621 (10.0.22621.4391)
Time: Mon Jan  6 19:46:37 2025 SE Asia Standard Time elapsed time: 0.020904 seconds (0d 0h 0m 0s)

---------------  T H R E A D  ---------------

Current thread (0x0000016e16dd0f40):  JavaThread "Unknown thread" [_thread_in_vm, id=12292, stack(0x0000000100600000,0x0000000100700000)]

Stack: [0x0000000100600000,0x0000000100700000]
Native frames: (J=compiled Java code, j=interpreted, Vv=VM code, C=native code)
V  [jvm.dll+0x683b4a]
V  [jvm.dll+0x842654]
V  [jvm.dll+0x843dfe]
V  [jvm.dll+0x844463]
V  [jvm.dll+0x249b75]
V  [jvm.dll+0xa641f]
V  [jvm.dll+0x2e8e27]
V  [jvm.dll+0x2e0b3b]
V  [jvm.dll+0x813f41]
V  [jvm.dll+0x36e6a1]
V  [jvm.dll+0x7f347c]
V  [jvm.dll+0x3f0e8f]
V  [jvm.dll+0x3f29d1]
C  [jli.dll+0x526b]
C  [ucrtbase.dll+0x29333]
C  [KERNEL32.DLL+0x1259d]
C  [ntdll.dll+0x5af38]


---------------  P R O C E S S  ---------------

Threads class SMR info:
_java_thread_list=0x00007ff9dcd8c058, length=0, elements={
}

Java Threads: ( => current thread )

Other Threads:
  0x0000016e16e25e10 GCTaskThread "GC Thread#0" [stack: 0x0000000100700000,0x0000000100800000] [id=5000]

[error occurred during error reporting (printing all threads), id 0xc0000005, EXCEPTION_ACCESS_VIOLATION (0xc0000005) at pc=0x00007ff9dc53dd70]

VM state: not at safepoint (not fully initialized)

VM Mutex/Monitor currently owned by a thread:  ([mutex/lock_event])
[0x0000016e16dcdd30] Heap_lock - owner thread: 0x0000016e16dd0f40

Heap address: 0x0000000091000000, size: 1776 MB, Compressed Oops mode: 32-bit

CDS archive(s) mapped at: [0x0000000000000000-0x0000000000000000-0x0000000000000000), size 0, SharedBaseAddress: 0x0000000800000000, ArchiveRelocationMode: 0.
Narrow klass base: 0x0000000000000000, Narrow klass shift: 0, Narrow klass range: 0x0

GC Precious Log:
<Empty>

Heap:
 garbage-first heap   total 0K, used 0K [0x0000000091000000, 0x0000000100000000)
  region size 1024K, 0 young (0K), 0 survivors (0K)

[error occurred during error reporting (printing heap information), id 0xc0000005, EXCEPTION_ACCESS_VIOLATION (0xc0000005) at pc=0x00007ff9dc92d939]

GC Heap History (0 events):
No events

Dll operation events (1 events):
Event: 0.012 Loaded shared library D:\Program Files\Android\Android Studio\jbr\bin\java.dll

Deoptimization events (0 events):
No events

Classes unloaded (0 events):
No events

Classes redefined (0 events):
No events

Internal exceptions (0 events):
No events

VM Operations (0 events):
No events

Events (0 events):
No events


Dynamic libraries:
0x00007ff7eb0f0000 - 0x00007ff7eb0fa000 	D:\Program Files\Android\Android Studio\jbr\bin\java.exe
0x00007ffa120b0000 - 0x00007ffa122c7000 	C:\WINDOWS\SYSTEM32\ntdll.dll
0x00007ffa10090000 - 0x00007ffa10154000 	C:\WINDOWS\System32\KERNEL32.DLL
0x00007ffa0f590000 - 0x00007ffa0f94a000 	C:\WINDOWS\System32\KERNELBASE.dll
0x00007ffa0f950000 - 0x00007ffa0fa61000 	C:\WINDOWS\System32\ucrtbase.dll
0x00007ff9f3a80000 - 0x00007ff9f3a97000 	D:\Program Files\Android\Android Studio\jbr\bin\jli.dll
0x00007ffa0fdb0000 - 0x00007ffa0ff5e000 	C:\WINDOWS\System32\USER32.dll
0x00007ff9f3a60000 - 0x00007ff9f3a7b000 	D:\Program Files\Android\Android Studio\jbr\bin\VCRUNTIME140.dll
0x00007ffa0fa70000 - 0x00007ffa0fa96000 	C:\WINDOWS\System32\win32u.dll
0x00007ffa10160000 - 0x00007ffa10189000 	C:\WINDOWS\System32\GDI32.dll
0x00007ff9fd3c0000 - 0x00007ff9fd652000 	C:\WINDOWS\WinSxS\amd64_microsoft.windows.common-controls_6595b64144ccf1df_6.0.22621.4541_none_2710d1c57384c085\COMCTL32.dll
0x00007ffa0fbd0000 - 0x00007ffa0fceb000 	C:\WINDOWS\System32\gdi32full.dll
0x00007ffa11b90000 - 0x00007ffa11c37000 	C:\WINDOWS\System32\msvcrt.dll
0x00007ffa0f380000 - 0x00007ffa0f41a000 	C:\WINDOWS\System32\msvcp_win.dll
0x00007ffa116e0000 - 0x00007ffa11711000 	C:\WINDOWS\System32\IMM32.DLL
0x00007ff9f3a50000 - 0x00007ff9f3a5c000 	D:\Program Files\Android\Android Studio\jbr\bin\vcruntime140_1.dll
0x00007ff9f39c0000 - 0x00007ff9f3a4d000 	D:\Program Files\Android\Android Studio\jbr\bin\msvcp140.dll
0x00007ff9dc250000 - 0x00007ff9dcebd000 	D:\Program Files\Android\Android Studio\jbr\bin\server\jvm.dll
0x00007ffa11e00000 - 0x00007ffa11eb2000 	C:\WINDOWS\System32\ADVAPI32.dll
0x00007ffa11430000 - 0x00007ffa114d7000 	C:\WINDOWS\System32\sechost.dll
0x00007ffa0fb20000 - 0x00007ffa0fb48000 	C:\WINDOWS\System32\bcrypt.dll
0x00007ffa103c0000 - 0x00007ffa104d4000 	C:\WINDOWS\System32\RPCRT4.dll
0x00007ff9f39b0000 - 0x00007ff9f39b9000 	C:\WINDOWS\SYSTEM32\WSOCK32.dll
0x00007ffa05b50000 - 0x00007ffa05b5a000 	C:\WINDOWS\SYSTEM32\VERSION.dll
0x00007ffa0bf30000 - 0x00007ffa0bf64000 	C:\WINDOWS\SYSTEM32\WINMM.dll
0x00007ffa10190000 - 0x00007ffa10201000 	C:\WINDOWS\System32\WS2_32.dll
0x00007ffa0e3c0000 - 0x00007ffa0e3d8000 	C:\WINDOWS\SYSTEM32\kernel.appcore.dll
0x00007ff9f39a0000 - 0x00007ff9f39aa000 	D:\Program Files\Android\Android Studio\jbr\bin\jimage.dll
0x00007ffa0c990000 - 0x00007ffa0cbc2000 	C:\WINDOWS\SYSTEM32\DBGHELP.DLL
0x00007ffa11800000 - 0x00007ffa11b8f000 	C:\WINDOWS\System32\combase.dll
0x00007ffa11720000 - 0x00007ffa117f7000 	C:\WINDOWS\System32\OLEAUT32.dll
0x00007ff9fac60000 - 0x00007ff9fac92000 	C:\WINDOWS\SYSTEM32\dbgcore.DLL
0x00007ffa0fb50000 - 0x00007ffa0fbcb000 	C:\WINDOWS\System32\bcryptPrimitives.dll
0x00007ff9f3970000 - 0x00007ff9f3995000 	D:\Program Files\Android\Android Studio\jbr\bin\java.dll

dbghelp: loaded successfully - version: 4.0.5 - missing functions: none
symbol engine: initialized successfully - sym options: 0x614 - pdb path: .;D:\Program Files\Android\Android Studio\jbr\bin;C:\WINDOWS\SYSTEM32;C:\WINDOWS\WinSxS\amd64_microsoft.windows.common-controls_6595b64144ccf1df_6.0.22621.4541_none_2710d1c57384c085;D:\Program Files\Android\Android Studio\jbr\bin\server

VM Arguments:
jvm_args: -Dorg.gradle.appname=gradlew 
java_command: org.gradle.wrapper.GradleWrapperMain -q -Ptarget-platform=android-x86 -Ptarget=E:\Kuliah\PROPOSAL DAN SKRIPSI\SKRIPSI\aplikasi android\imunisasiku\lib\main.dart -Pbase-application-name=android.app.Application -Pdart-obfuscation=false -Ptrack-widget-creation=true -Ptree-shake-icons=false -Pfilesystem-scheme=org-dartlang-root assembleDebug
java_class_path (initial): E:\Kuliah\PROPOSAL DAN SKRIPSI\SKRIPSI\aplikasi android\imunisasiku\android\\gradle\wrapper\gradle-wrapper.jar
Launcher Type: SUN_STANDARD

[Global flags]
     intx CICompilerCount                          = 4                                         {product} {ergonomic}
     uint ConcGCThreads                            = 2                                         {product} {ergonomic}
     uint G1ConcRefinementThreads                  = 8                                         {product} {ergonomic}
   size_t G1HeapRegionSize                         = 1048576                                   {product} {ergonomic}
    uintx GCDrainStackTargetSize                   = 64                                        {product} {ergonomic}
   size_t InitialHeapSize                          = 117440512                                 {product} {ergonomic}
   size_t MarkStackSize                            = 4194304                                   {product} {ergonomic}
   size_t MaxHeapSize                              = 1862270976                                {product} {ergonomic}
   size_t MinHeapDeltaBytes                        = 1048576                                   {product} {ergonomic}
   size_t MinHeapSize                              = 8388608                                   {product} {ergonomic}
    uintx NonNMethodCodeHeapSize                   = 5839372                                {pd product} {ergonomic}
    uintx NonProfiledCodeHeapSize                  = 122909434                              {pd product} {ergonomic}
    uintx ProfiledCodeHeapSize                     = 122909434                              {pd product} {ergonomic}
    uintx ReservedCodeCacheSize                    = 251658240                              {pd product} {ergonomic}
     bool SegmentedCodeCache                       = true                                      {product} {ergonomic}
   size_t SoftMaxHeapSize                          = 1862270976                             {manageable} {ergonomic}
     bool UseCompressedClassPointers               = true                           {product lp64_product} {ergonomic}
     bool UseCompressedOops                        = true                           {product lp64_product} {ergonomic}
     bool UseG1GC                                  = true                                      {product} {ergonomic}
     bool UseLargePagesIndividualAllocation        = false                                  {pd product} {ergonomic}

Logging:
Log output configuration:
 #0: stdout all=warning uptime,level,tags
 #1: stderr all=off uptime,level,tags

Environment Variables:
JAVA_HOME=D:\Program Files\Android\Android Studio\jbr
CLASSPATH=E:\Kuliah\PROPOSAL DAN SKRIPSI\SKRIPSI\aplikasi android\imunisasiku\android\\gradle\wrapper\gradle-wrapper.jar
PATH=D:\Program Files\Android\Android Studio\jbr\bin;C:\WINDOWS\system32;C:\WINDOWS;C:\WINDOWS\System32\Wbem;C:\WINDOWS\System32\WindowsPowerShell\v1.0\;C:\WINDOWS\System32\OpenSSH\;D:\Program Files\Git\cmd;D:\tools\flutter\bin;C:\Program Files\nodejs\;C:\Program Files\nodejs\node_modules\npm\bin;C:\Users\nahdl\AppData\Local\Microsoft\WindowsApps;D:\tools\flutter\bin;D:\Program Files\Git\bin;C:\Users\nahdl\AppData\Roaming\npm;C:\Program Files\nodejs\node_modules\npm\bin;
USERNAME=nahdl
OS=Windows_NT
PROCESSOR_IDENTIFIER=AMD64 Family 23 Model 24 Stepping 1, AuthenticAMD
TMP=C:\Users\nahdl\AppData\Local\Temp
TEMP=C:\Users\nahdl\AppData\Local\Temp



---------------  S Y S T E M  ---------------

OS:
 Windows 11 , 64 bit Build 22621 (10.0.22621.4391)
OS uptime: 0 days 0:42 hours

CPU: total 8 (initial active 8) (8 cores per cpu, 2 threads per core) family 23 model 24 stepping 1 microcode 0x0, cx8, cmov, fxsr, ht, mmx, 3dnowpref, sse, sse2, sse3, ssse3, sse4a, sse4.1, sse4.2, popcnt, lzcnt, tsc, tscinvbit, avx, avx2, aes, clmul, bmi1, bmi2, adx, sha, fma, vzeroupper, clflush, clflushopt

Memory: 4k page, system-wide physical 7103M (405M free)
TotalPageFile size 17272M (AvailPageFile size 4M)
current process WorkingSet (physical memory assigned to process): 11M, peak: 11M
current process commit charge ("private bytes"): 58M, peak: 59M

vm_info: OpenJDK 64-Bit Server VM (17.0.6+0-b2043.56-9586694) for windows-amd64 JRE (17.0.6+0-b2043.56-9586694), built on Feb  9 2023 20:06:20 by "androidbuild" with MS VC++ 16.10 / 16.11 (VS2019)

END.
