#
# There is insufficient memory for the Java Runtime Environment to continue.
# Native memory allocation (mmap) failed to map 174063616 bytes for G1 virtual space
# Possible reasons:
#   The system is out of physical RAM or swap space
#   The process is running with CompressedOops enabled, and the Java Heap may be blocking the growth of the native heap
# Possible solutions:
#   Reduce memory load on the system
#   Increase physical memory or swap space
#   Check if swap backing store is full
#   Decrease Java heap size (-Xmx/-Xms)
#   Decrease number of Java threads
#   Decrease Java thread stack sizes (-Xss)
#   Set larger code cache with -XX:ReservedCodeCacheSize=
#   JVM is running with Zero Based Compressed Oops mode in which the Java heap is
#     placed in the first 32GB address space. The Java Heap base address is the
#     maximum limit for the native heap growth. Please use -XX:HeapBaseMinAddress
#     to set the Java Heap base and to place the Java Heap above 32GB virtual address.
# This output file may be truncated or incomplete.
#
#  Out of Memory Error (os_windows.cpp:3769), pid=15624, tid=14640
#
# JRE version: OpenJDK Runtime Environment (17.0.6) (build 17.0.6+0-b2043.56-9586694)
# Java VM: OpenJDK 64-Bit Server VM (17.0.6+0-b2043.56-9586694, mixed mode, tiered, compressed oops, compressed class ptrs, g1 gc, windows-amd64)
# No core dump will be written. Minidumps are not enabled by default on client versions of Windows
#

---------------  S U M M A R Y ------------

Command Line: --add-opens=java.base/java.util=ALL-UNNAMED --add-opens=java.base/java.lang=ALL-UNNAMED --add-opens=java.base/java.lang.invoke=ALL-UNNAMED --add-opens=java.prefs/java.util.prefs=ALL-UNNAMED --add-opens=java.base/java.nio.charset=ALL-UNNAMED --add-opens=java.base/java.net=ALL-UNNAMED --add-opens=java.base/java.util.concurrent.atomic=ALL-UNNAMED -Xmx4G -Dfile.encoding=windows-1252 -Duser.country=ID -Duser.language=en -Duser.variant -javaagent:C:\Users\nahdl\.gradle\wrapper\dists\gradle-8.3-all\6en3ugtfdg5xnpx44z4qbwgas\gradle-8.3\lib\agents\gradle-instrumentation-agent-8.3.jar org.gradle.launcher.daemon.bootstrap.GradleDaemon 8.3

Host: AMD Ryzen 5 3500U with Radeon Vega Mobile Gfx  , 8 cores, 6G,  Windows 11 , 64 bit Build 22621 (10.0.22621.4391)
Time: Mon Jan  6 21:21:33 2025 SE Asia Standard Time elapsed time: 154.597968 seconds (0d 0h 2m 34s)

---------------  T H R E A D  ---------------

Current thread (0x00000278ffa7bc60):  VMThread "VM Thread" [stack: 0x000000dd24700000,0x000000dd24800000] [id=14640]

Stack: [0x000000dd24700000,0x000000dd24800000]
Native frames: (J=compiled Java code, j=interpreted, Vv=VM code, C=native code)
V  [jvm.dll+0x683b4a]
V  [jvm.dll+0x842654]
V  [jvm.dll+0x843dfe]
V  [jvm.dll+0x844463]
V  [jvm.dll+0x249b75]
V  [jvm.dll+0x680a19]
V  [jvm.dll+0x674f0a]
V  [jvm.dll+0x309acb]
V  [jvm.dll+0x310f86]
V  [jvm.dll+0x3608ee]
V  [jvm.dll+0x360b1f]
V  [jvm.dll+0x2dfbf8]
V  [jvm.dll+0x2e2ce6]
V  [jvm.dll+0x2ed478]
V  [jvm.dll+0x322150]
V  [jvm.dll+0x84893b]
V  [jvm.dll+0x849674]
V  [jvm.dll+0x849b8d]
V  [jvm.dll+0x849f64]
V  [jvm.dll+0x84a030]
V  [jvm.dll+0x7f25fa]
V  [jvm.dll+0x682985]
C  [ucrtbase.dll+0x29333]
C  [KERNEL32.DLL+0x1259d]
C  [ntdll.dll+0x5af38]

VM_Operation (0x000000dd243ff7f0): G1Concurrent, mode: safepoint, requested by thread 0x00000278eb0b0380


---------------  P R O C E S S  ---------------

Threads class SMR info:
_java_thread_list=0x0000027891c133a0, length=152, elements={
0x00000278eb030c80, 0x00000278ffab5030, 0x00000278ffab5ea0, 0x00000278ffadf220,
0x00000278ffae21b0, 0x00000278ffae3cd0, 0x00000278ffae4680, 0x00000278ffae5360,
0x00000278ffae5e00, 0x00000278ffae67f0, 0x00000278ffbb2e70, 0x00000278ffde1970,
0x000002788c259740, 0x000002788c257a60, 0x000002788c257f30, 0x000002788c25a0e0,
0x000002788c259c10, 0x000002788c2570c0, 0x000002788c258da0, 0x000002788c25aa80,
0x000002788c25a5b0, 0x000002788c257590, 0x000002788c2588d0, 0x000002788c259270,
0x000002788d241a20, 0x000002788d23f3a0, 0x000002788d2406e0, 0x000002788d241550,
0x000002788d23e530, 0x000002788d240bb0, 0x000002788d241080, 0x000002788d23ea00,
0x000002788d240210, 0x000002788ed85f10, 0x000002788ed7f060, 0x000002788ed82080,
0x000002788ed868b0, 0x000002788ed81210, 0x000002788ed85570, 0x000002788ed84bd0,
0x000002788ed816e0, 0x000002788ed84700, 0x000002788ed7f530, 0x000002788ed82550,
0x000002788ed83d60, 0x000002788ed82a20, 0x000002788ed80d40, 0x000002788ed7fed0,
0x000002788ed82ef0, 0x000002788ed833c0, 0x000002788ed83890, 0x000002788ed850a0,
0x000002788ed803a0, 0x000002788ed80870, 0x000002788efcae20, 0x000002788efc82d0,
0x000002788efcb2f0, 0x000002788efc9ae0, 0x000002788efc9610, 0x000002788efc87a0,
0x000002788efcb7c0, 0x000002788efc8c70, 0x000002788efc9140, 0x000002788efc7e00,
0x000002788efca480, 0x000002788ef1dff0, 0x000002788ef197c0, 0x000002788ef1d650,
0x000002788ef1ee60, 0x000002788ef1e4c0, 0x000002788ef1f330, 0x000002788ef19c90,
0x000002788ef1f800, 0x000002788ef1a160, 0x000002788ef1d180, 0x000002788ef17fb0,
0x000002788ef1b970, 0x000002788ef1c310, 0x000002788ef1c7e0, 0x000002788ef1ccb0,
0x000002788ef1a630, 0x000002788ef1be40, 0x000002788ef18480, 0x000002788ef18e20,
0x000002788d1d4a60, 0x000002788d1d5da0, 0x000002788d1d40c0, 0x000002788d1d1a40,
0x000002788d1d1f10, 0x000002788d1d23e0, 0x000002788d1d6270, 0x000002788d1d5400,
0x000002788d1d3250, 0x000002788d1d58d0, 0x000002788d1d6c10, 0x000002788d1d6740,
0x000002788d1d28b0, 0x000002788d1d70e0, 0x000002788d1d10a0, 0x000002788d1d75b0,
0x000002788d1d7a80, 0x000002788d1d0230, 0x000002788d1d0700, 0x000002788d1d0bd0,
0x000002788d1d2d80, 0x000002788d1d1570, 0x000002788d1d3720, 0x000002788d1d3bf0,
0x000002788ef192f0, 0x0000027895c947e0, 0x0000027895c92160, 0x0000027895c92b00,
0x0000027895c93970, 0x0000027895c92fd0, 0x0000027895c93e40, 0x0000027895c95650,
0x0000027895c91c90, 0x0000027895c94310, 0x0000027895c92630, 0x0000027896f16550,
0x0000027896f16080, 0x0000027896f16a20, 0x0000027896f15210, 0x0000027896f17890,
0x0000027896f14870, 0x0000027896f16ef0, 0x0000027896f14d40, 0x0000027896f156e0,
0x0000027896f15bb0, 0x0000027896f173c0, 0x0000027896f17d60, 0x0000027896f143a0,
0x0000027895d3c3f0, 0x0000027895d3b0b0, 0x0000027895d3e5a0, 0x0000027895d3bf20,
0x0000027895d39d70, 0x0000027895d3d260, 0x0000027895d3ba50, 0x0000027895d3a710,
0x0000027895d3e0d0, 0x0000027895d3b580, 0x0000027895d3abe0, 0x0000027895d3c8c0,
0x0000027895d3ea70, 0x0000027895d3ef40, 0x0000027895d40c20, 0x0000027895d3f8e0,
0x0000027895d410f0, 0x0000027895d398a0, 0x0000027895d3a240, 0x000002788d23eed0
}

Java Threads: ( => current thread )
  0x00000278eb030c80 JavaThread "main" [_thread_blocked, id=12652, stack(0x000000dd24100000,0x000000dd24200000)]
  0x00000278ffab5030 JavaThread "Reference Handler" daemon [_thread_blocked, id=10260, stack(0x000000dd24800000,0x000000dd24900000)]
  0x00000278ffab5ea0 JavaThread "Finalizer" daemon [_thread_blocked, id=9472, stack(0x000000dd24900000,0x000000dd24a00000)]
  0x00000278ffadf220 JavaThread "Signal Dispatcher" daemon [_thread_blocked, id=11576, stack(0x000000dd24a00000,0x000000dd24b00000)]
  0x00000278ffae21b0 JavaThread "Attach Listener" daemon [_thread_blocked, id=6444, stack(0x000000dd24b00000,0x000000dd24c00000)]
  0x00000278ffae3cd0 JavaThread "Service Thread" daemon [_thread_blocked, id=3336, stack(0x000000dd24c00000,0x000000dd24d00000)]
  0x00000278ffae4680 JavaThread "Monitor Deflation Thread" daemon [_thread_blocked, id=11192, stack(0x000000dd24d00000,0x000000dd24e00000)]
  0x00000278ffae5360 JavaThread "C2 CompilerThread0" daemon [_thread_blocked, id=13544, stack(0x000000dd24e00000,0x000000dd24f00000)]
  0x00000278ffae5e00 JavaThread "C1 CompilerThread0" daemon [_thread_blocked, id=13336, stack(0x000000dd24f00000,0x000000dd25000000)]
  0x00000278ffae67f0 JavaThread "Sweeper thread" daemon [_thread_blocked, id=7208, stack(0x000000dd25000000,0x000000dd25100000)]
  0x00000278ffbb2e70 JavaThread "Common-Cleaner" daemon [_thread_blocked, id=7108, stack(0x000000dd25100000,0x000000dd25200000)]
  0x00000278ffde1970 JavaThread "Notification Thread" daemon [_thread_blocked, id=11244, stack(0x000000dd25200000,0x000000dd25300000)]
  0x000002788c259740 JavaThread "Daemon health stats" [_thread_blocked, id=2464, stack(0x000000dd25800000,0x000000dd25900000)]
  0x000002788c257a60 JavaThread "Incoming local TCP Connector on port 57322" [_thread_in_native, id=15716, stack(0x000000dd25900000,0x000000dd25a00000)]
  0x000002788c257f30 JavaThread "Daemon periodic checks" [_thread_blocked, id=14072, stack(0x000000dd25a00000,0x000000dd25b00000)]
  0x000002788c25a0e0 JavaThread "Daemon" [_thread_blocked, id=2840, stack(0x000000dd25b00000,0x000000dd25c00000)]
  0x000002788c259c10 JavaThread "Handler for socket connection from /127.0.0.1:57322 to /127.0.0.1:57325" [_thread_in_native, id=5532, stack(0x000000dd25c00000,0x000000dd25d00000)]
  0x000002788c2570c0 JavaThread "Cancel handler" [_thread_blocked, id=1520, stack(0x000000dd25d00000,0x000000dd25e00000)]
  0x000002788c258da0 JavaThread "Daemon worker" [_thread_blocked, id=14080, stack(0x000000dd25e00000,0x000000dd25f00000)]
  0x000002788c25aa80 JavaThread "Asynchronous log dispatcher for DefaultDaemonConnection: socket connection from /127.0.0.1:57322 to /127.0.0.1:57325" [_thread_blocked, id=14484, stack(0x000000dd25f00000,0x000000dd26000000)]
  0x000002788c25a5b0 JavaThread "Daemon client event forwarder" [_thread_blocked, id=15964, stack(0x000000dd26100000,0x000000dd26200000)]
  0x000002788c257590 JavaThread "Cache worker for journal cache (C:\Users\nahdl\.gradle\caches\journal-1)" [_thread_blocked, id=13792, stack(0x000000dd26600000,0x000000dd26700000)]
  0x000002788c2588d0 JavaThread "File lock request listener" [_thread_in_native, id=16248, stack(0x000000dd26700000,0x000000dd26800000)]
  0x000002788c259270 JavaThread "Cache worker for file hash cache (C:\Users\nahdl\.gradle\caches\8.3\fileHashes)" [_thread_blocked, id=15900, stack(0x000000dd26800000,0x000000dd26900000)]
  0x000002788d241a20 JavaThread "File watcher server" daemon [_thread_blocked, id=236, stack(0x000000dd26900000,0x000000dd26a00000)]
  0x000002788d23f3a0 JavaThread "File watcher consumer" daemon [_thread_blocked, id=6520, stack(0x000000dd26a00000,0x000000dd26b00000)]
  0x000002788d2406e0 JavaThread "Cache worker for checksums cache (E:\Kuliah\PROPOSAL DAN SKRIPSI\SKRIPSI\aplikasi android\imunisasiku\android\.gradle\8.3\checksums)" [_thread_blocked, id=6756, stack(0x000000dd26b00000,0x000000dd26c00000)]
  0x000002788d241550 JavaThread "Cache worker for file hash cache (E:\Kuliah\PROPOSAL DAN SKRIPSI\SKRIPSI\aplikasi android\imunisasiku\android\.gradle\8.3\fileHashes)" [_thread_blocked, id=9704, stack(0x000000dd26c00000,0x000000dd26d00000)]
  0x000002788d23e530 JavaThread "Cache worker for cache directory md-supplier (C:\Users\nahdl\.gradle\caches\8.3\md-supplier)" [_thread_blocked, id=14784, stack(0x000000dd26d00000,0x000000dd26e00000)]
  0x000002788d240bb0 JavaThread "Cache worker for file content cache (C:\Users\nahdl\.gradle\caches\8.3\fileContent)" [_thread_blocked, id=14560, stack(0x000000dd26e00000,0x000000dd26f00000)]
  0x000002788d241080 JavaThread "Cache worker for cache directory md-rule (C:\Users\nahdl\.gradle\caches\8.3\md-rule)" [_thread_blocked, id=2624, stack(0x000000dd26f00000,0x000000dd27000000)]
  0x000002788d23ea00 JavaThread "Cache worker for execution history cache (C:\Users\nahdl\.gradle\caches\8.3\executionHistory)" [_thread_blocked, id=16108, stack(0x000000dd27000000,0x000000dd27100000)]
  0x000002788d240210 JavaThread "jar transforms" [_thread_blocked, id=14324, stack(0x000000dd27100000,0x000000dd27200000)]
  0x000002788ed85f10 JavaThread "Cache worker for kotlin-dsl (C:\Users\nahdl\.gradle\caches\8.3\kotlin-dsl)" [_thread_blocked, id=9148, stack(0x000000dd27200000,0x000000dd27300000)]
  0x000002788ed7f060 JavaThread "jar transforms Thread 2" [_thread_blocked, id=6152, stack(0x000000dd27300000,0x000000dd27400000)]
  0x000002788ed82080 JavaThread "jar transforms Thread 3" [_thread_blocked, id=8024, stack(0x000000dd27400000,0x000000dd27500000)]
  0x000002788ed868b0 JavaThread "Cache worker for dependencies-accessors (E:\Kuliah\PROPOSAL DAN SKRIPSI\SKRIPSI\aplikasi android\imunisasiku\android\.gradle\8.3\dependencies-accessors)" [_thread_blocked, id=15448, stack(0x000000dd27500000,0x000000dd27600000)]
  0x000002788ed81210 JavaThread "Cache worker for Build Output Cleanup Cache (D:\tools\flutter\packages\flutter_tools\gradle\.gradle\buildOutputCleanup)" [_thread_blocked, id=9044, stack(0x000000dd27600000,0x000000dd27700000)]
  0x000002788ed85570 JavaThread "jar transforms Thread 4" [_thread_blocked, id=15368, stack(0x000000dd27700000,0x000000dd27800000)]
  0x000002788ed84bd0 JavaThread "jar transforms Thread 5" [_thread_blocked, id=14576, stack(0x000000dd27800000,0x000000dd27900000)]
  0x000002788ed816e0 JavaThread "Memory manager" [_thread_blocked, id=12252, stack(0x000000dd27900000,0x000000dd27a00000)]
  0x000002788ed84700 JavaThread "jar transforms Thread 6" [_thread_blocked, id=13872, stack(0x000000dd27a00000,0x000000dd27b00000)]
  0x000002788ed7f530 JavaThread "jar transforms Thread 7" [_thread_blocked, id=14404, stack(0x000000dd27b00000,0x000000dd27c00000)]
  0x000002788ed82550 JavaThread "included builds" [_thread_blocked, id=15688, stack(0x000000dd27c00000,0x000000dd27d00000)]
  0x000002788ed83d60 JavaThread "Execution worker" [_thread_blocked, id=11272, stack(0x000000dd27d00000,0x000000dd27e00000)]
  0x000002788ed82a20 JavaThread "Execution worker Thread 2" [_thread_blocked, id=9192, stack(0x000000dd27e00000,0x000000dd27f00000)]
  0x000002788ed80d40 JavaThread "Execution worker Thread 3" [_thread_blocked, id=7644, stack(0x000000dd27f00000,0x000000dd28000000)]
  0x000002788ed7fed0 JavaThread "Execution worker Thread 4" [_thread_blocked, id=9524, stack(0x000000dd28000000,0x000000dd28100000)]
  0x000002788ed82ef0 JavaThread "Execution worker Thread 5" [_thread_blocked, id=8340, stack(0x000000dd28100000,0x000000dd28200000)]
  0x000002788ed833c0 JavaThread "Execution worker Thread 6" [_thread_blocked, id=15384, stack(0x000000dd28200000,0x000000dd28300000)]
  0x000002788ed83890 JavaThread "Execution worker Thread 7" [_thread_blocked, id=6376, stack(0x000000dd28300000,0x000000dd28400000)]
  0x000002788ed850a0 JavaThread "Cache worker for execution history cache (D:\tools\flutter\packages\flutter_tools\gradle\.gradle\8.3\executionHistory)" [_thread_blocked, id=12708, stack(0x000000dd28400000,0x000000dd28500000)]
  0x000002788ed803a0 JavaThread "Unconstrained build operations" [_thread_blocked, id=4984, stack(0x000000dd28500000,0x000000dd28600000)]
  0x000002788ed80870 JavaThread "Unconstrained build operations Thread 2" [_thread_blocked, id=5536, stack(0x000000dd28600000,0x000000dd28700000)]
  0x000002788efcae20 JavaThread "Unconstrained build operations Thread 3" [_thread_blocked, id=9412, stack(0x000000dd28700000,0x000000dd28800000)]
  0x000002788efc82d0 JavaThread "Unconstrained build operations Thread 4" [_thread_blocked, id=15064, stack(0x000000dd28800000,0x000000dd28900000)]
  0x000002788efcb2f0 JavaThread "Unconstrained build operations Thread 5" [_thread_blocked, id=1696, stack(0x000000dd28900000,0x000000dd28a00000)]
  0x000002788efc9ae0 JavaThread "Unconstrained build operations Thread 6" [_thread_blocked, id=13396, stack(0x000000dd28a00000,0x000000dd28b00000)]
  0x000002788efc9610 JavaThread "Unconstrained build operations Thread 7" [_thread_blocked, id=8488, stack(0x000000dd28b00000,0x000000dd28c00000)]
  0x000002788efc87a0 JavaThread "Unconstrained build operations Thread 8" [_thread_blocked, id=13652, stack(0x000000dd28c00000,0x000000dd28d00000)]
  0x000002788efcb7c0 JavaThread "Unconstrained build operations Thread 9" [_thread_blocked, id=13464, stack(0x000000dd28d00000,0x000000dd28e00000)]
  0x000002788efc8c70 JavaThread "Unconstrained build operations Thread 10" [_thread_blocked, id=10392, stack(0x000000dd28e00000,0x000000dd28f00000)]
  0x000002788efc9140 JavaThread "Unconstrained build operations Thread 11" [_thread_blocked, id=6696, stack(0x000000dd28f00000,0x000000dd29000000)]
  0x000002788efc7e00 JavaThread "Unconstrained build operations Thread 12" [_thread_blocked, id=13920, stack(0x000000dd29000000,0x000000dd29100000)]
  0x000002788efca480 JavaThread "Unconstrained build operations Thread 13" [_thread_blocked, id=13588, stack(0x000000dd29100000,0x000000dd29200000)]
  0x000002788ef1dff0 JavaThread "Unconstrained build operations Thread 14" [_thread_blocked, id=12884, stack(0x000000dd29200000,0x000000dd29300000)]
  0x000002788ef197c0 JavaThread "jar transforms Thread 8" [_thread_blocked, id=12312, stack(0x000000dd29300000,0x000000dd29400000)]
  0x000002788ef1d650 JavaThread "Cache worker for Build Output Cleanup Cache (E:\Kuliah\PROPOSAL DAN SKRIPSI\SKRIPSI\aplikasi android\imunisasiku\android\.gradle\buildOutputCleanup)" [_thread_blocked, id=10632, stack(0x000000dd29400000,0x000000dd29500000)]
  0x000002788ef1ee60 JavaThread "Unconstrained build operations Thread 15" [_thread_blocked, id=13092, stack(0x000000dd29600000,0x000000dd29700000)]
  0x000002788ef1e4c0 JavaThread "Unconstrained build operations Thread 16" [_thread_blocked, id=15456, stack(0x000000dd29700000,0x000000dd29800000)]
  0x000002788ef1f330 JavaThread "Unconstrained build operations Thread 17" [_thread_blocked, id=8360, stack(0x000000dd29800000,0x000000dd29900000)]
  0x000002788ef19c90 JavaThread "Unconstrained build operations Thread 18" [_thread_blocked, id=4596, stack(0x000000dd29900000,0x000000dd29a00000)]
  0x000002788ef1f800 JavaThread "Unconstrained build operations Thread 19" [_thread_blocked, id=16060, stack(0x000000dd29a00000,0x000000dd29b00000)]
  0x000002788ef1a160 JavaThread "Unconstrained build operations Thread 20" [_thread_blocked, id=11492, stack(0x000000dd29b00000,0x000000dd29c00000)]
  0x000002788ef1d180 JavaThread "Unconstrained build operations Thread 21" [_thread_blocked, id=16188, stack(0x000000dd29c00000,0x000000dd29d00000)]
  0x000002788ef17fb0 JavaThread "Unconstrained build operations Thread 22" [_thread_blocked, id=5800, stack(0x000000dd29d00000,0x000000dd29e00000)]
  0x000002788ef1b970 JavaThread "Unconstrained build operations Thread 23" [_thread_blocked, id=4920, stack(0x000000dd29e00000,0x000000dd29f00000)]
  0x000002788ef1c310 JavaThread "Unconstrained build operations Thread 24" [_thread_blocked, id=12796, stack(0x000000dd29f00000,0x000000dd2a000000)]
  0x000002788ef1c7e0 JavaThread "Unconstrained build operations Thread 25" [_thread_blocked, id=6420, stack(0x000000dd2a000000,0x000000dd2a100000)]
  0x000002788ef1ccb0 JavaThread "Unconstrained build operations Thread 26" [_thread_blocked, id=1904, stack(0x000000dd2a100000,0x000000dd2a200000)]
  0x000002788ef1a630 JavaThread "Unconstrained build operations Thread 27" [_thread_blocked, id=6324, stack(0x000000dd2a200000,0x000000dd2a300000)]
  0x000002788ef1be40 JavaThread "Unconstrained build operations Thread 28" [_thread_blocked, id=5976, stack(0x000000dd2a300000,0x000000dd2a400000)]
  0x000002788ef18480 JavaThread "Unconstrained build operations Thread 29" [_thread_blocked, id=13940, stack(0x000000dd2a600000,0x000000dd2a700000)]
  0x000002788ef18e20 JavaThread "Unconstrained build operations Thread 30" [_thread_blocked, id=14228, stack(0x000000dd2a700000,0x000000dd2a800000)]
  0x000002788d1d4a60 JavaThread "Unconstrained build operations Thread 31" [_thread_blocked, id=13880, stack(0x000000dd2a800000,0x000000dd2a900000)]
  0x000002788d1d5da0 JavaThread "Unconstrained build operations Thread 32" [_thread_blocked, id=13800, stack(0x000000dd2a900000,0x000000dd2aa00000)]
  0x000002788d1d40c0 JavaThread "Unconstrained build operations Thread 33" [_thread_blocked, id=14276, stack(0x000000dd2aa00000,0x000000dd2ab00000)]
  0x000002788d1d1a40 JavaThread "Unconstrained build operations Thread 34" [_thread_blocked, id=15468, stack(0x000000dd2ab00000,0x000000dd2ac00000)]
  0x000002788d1d1f10 JavaThread "Unconstrained build operations Thread 35" [_thread_blocked, id=14940, stack(0x000000dd2ac00000,0x000000dd2ad00000)]
  0x000002788d1d23e0 JavaThread "Cache worker for execution history cache (E:\Kuliah\PROPOSAL DAN SKRIPSI\SKRIPSI\aplikasi android\imunisasiku\android\.gradle\8.3\executionHistory)" [_thread_blocked, id=9540, stack(0x000000dd2ae00000,0x000000dd2af00000)]
  0x000002788d1d6270 JavaThread "Exec process" [_thread_blocked, id=5544, stack(0x000000dd2af00000,0x000000dd2b000000)]
  0x000002788d1d5400 JavaThread "Exec process Thread 2" [_thread_blocked, id=14636, stack(0x000000dd2b000000,0x000000dd2b100000)]
  0x000002788d1d3250 JavaThread "Exec process Thread 3" [_thread_blocked, id=11976, stack(0x000000dd2b100000,0x000000dd2b200000)]
  0x000002788d1d58d0 JavaThread "Unconstrained build operations Thread 36" [_thread_blocked, id=3092, stack(0x000000dd2b200000,0x000000dd2b300000)]
  0x000002788d1d6c10 JavaThread "Unconstrained build operations Thread 37" [_thread_blocked, id=7280, stack(0x000000dd2b300000,0x000000dd2b400000)]
  0x000002788d1d6740 JavaThread "Unconstrained build operations Thread 38" [_thread_blocked, id=9332, stack(0x000000dd2b400000,0x000000dd2b500000)]
  0x000002788d1d28b0 JavaThread "Unconstrained build operations Thread 39" [_thread_blocked, id=16332, stack(0x000000dd2b500000,0x000000dd2b600000)]
  0x000002788d1d70e0 JavaThread "Unconstrained build operations Thread 40" [_thread_blocked, id=15884, stack(0x000000dd2b600000,0x000000dd2b700000)]
  0x000002788d1d10a0 JavaThread "Unconstrained build operations Thread 41" [_thread_blocked, id=16356, stack(0x000000dd2b700000,0x000000dd2b800000)]
  0x000002788d1d75b0 JavaThread "Unconstrained build operations Thread 42" [_thread_blocked, id=1600, stack(0x000000dd2b800000,0x000000dd2b900000)]
  0x000002788d1d7a80 JavaThread "Unconstrained build operations Thread 43" [_thread_blocked, id=6008, stack(0x000000dd2b900000,0x000000dd2ba00000)]
  0x000002788d1d0230 JavaThread "Unconstrained build operations Thread 44" [_thread_blocked, id=15568, stack(0x000000dd2ba00000,0x000000dd2bb00000)]
  0x000002788d1d0700 JavaThread "Unconstrained build operations Thread 45" [_thread_blocked, id=15656, stack(0x000000dd2bb00000,0x000000dd2bc00000)]
  0x000002788d1d0bd0 JavaThread "Unconstrained build operations Thread 46" [_thread_blocked, id=14780, stack(0x000000dd2bc00000,0x000000dd2bd00000)]
  0x000002788d1d2d80 JavaThread "Unconstrained build operations Thread 47" [_thread_blocked, id=9536, stack(0x000000dd2bd00000,0x000000dd2be00000)]
  0x000002788d1d1570 JavaThread "Unconstrained build operations Thread 48" [_thread_blocked, id=15080, stack(0x000000dd2be00000,0x000000dd2bf00000)]
  0x000002788d1d3720 JavaThread "Unconstrained build operations Thread 49" [_thread_blocked, id=16220, stack(0x000000dd2bf00000,0x000000dd2c000000)]
  0x000002788d1d3bf0 JavaThread "Unconstrained build operations Thread 50" [_thread_blocked, id=2700, stack(0x000000dd2c000000,0x000000dd2c100000)]
  0x000002788ef192f0 JavaThread "Unconstrained build operations Thread 51" [_thread_blocked, id=14268, stack(0x000000dd2c100000,0x000000dd2c200000)]
  0x0000027895c947e0 JavaThread "Unconstrained build operations Thread 52" [_thread_blocked, id=7132, stack(0x000000dd2c200000,0x000000dd2c300000)]
  0x0000027895c92160 JavaThread "Unconstrained build operations Thread 53" [_thread_blocked, id=15144, stack(0x000000dd2c300000,0x000000dd2c400000)]
  0x0000027895c92b00 JavaThread "Unconstrained build operations Thread 54" [_thread_blocked, id=15152, stack(0x000000dd2c400000,0x000000dd2c500000)]
  0x0000027895c93970 JavaThread "Unconstrained build operations Thread 55" [_thread_blocked, id=15936, stack(0x000000dd2c500000,0x000000dd2c600000)]
  0x0000027895c92fd0 JavaThread "Unconstrained build operations Thread 56" [_thread_blocked, id=2060, stack(0x000000dd2c600000,0x000000dd2c700000)]
  0x0000027895c93e40 JavaThread "Unconstrained build operations Thread 57" [_thread_blocked, id=5668, stack(0x000000dd2c700000,0x000000dd2c800000)]
  0x0000027895c95650 JavaThread "Unconstrained build operations Thread 58" [_thread_blocked, id=10668, stack(0x000000dd2c800000,0x000000dd2c900000)]
  0x0000027895c91c90 JavaThread "WorkerExecutor Queue" [_thread_blocked, id=3256, stack(0x000000dd2c900000,0x000000dd2ca00000)]
  0x0000027895c94310 JavaThread "WorkerExecutor Queue Thread 2" [_thread_blocked, id=10416, stack(0x000000dd2ca00000,0x000000dd2cb00000)]
  0x0000027895c92630 JavaThread "Unconstrained build operations Thread 59" [_thread_blocked, id=4956, stack(0x000000dd24000000,0x000000dd24100000)]
  0x0000027896f16550 JavaThread "Unconstrained build operations Thread 60" [_thread_blocked, id=3748, stack(0x000000dd2cb00000,0x000000dd2cc00000)]
  0x0000027896f16080 JavaThread "Unconstrained build operations Thread 61" [_thread_blocked, id=14820, stack(0x000000dd2cc00000,0x000000dd2cd00000)]
  0x0000027896f16a20 JavaThread "Unconstrained build operations Thread 62" [_thread_blocked, id=5008, stack(0x000000dd2cd00000,0x000000dd2ce00000)]
  0x0000027896f15210 JavaThread "Unconstrained build operations Thread 63" [_thread_blocked, id=12464, stack(0x000000dd2ce00000,0x000000dd2cf00000)]
  0x0000027896f17890 JavaThread "Unconstrained build operations Thread 64" [_thread_blocked, id=12444, stack(0x000000dd2cf00000,0x000000dd2d000000)]
  0x0000027896f14870 JavaThread "Unconstrained build operations Thread 65" [_thread_blocked, id=6056, stack(0x000000dd2d000000,0x000000dd2d100000)]
  0x0000027896f16ef0 JavaThread "Unconstrained build operations Thread 66" [_thread_blocked, id=12384, stack(0x000000dd23f00000,0x000000dd24000000)]
  0x0000027896f14d40 JavaThread "Unconstrained build operations Thread 67" [_thread_blocked, id=9348, stack(0x000000dd2d200000,0x000000dd2d300000)]
  0x0000027896f156e0 JavaThread "Unconstrained build operations Thread 68" [_thread_blocked, id=10824, stack(0x000000dd2d300000,0x000000dd2d400000)]
  0x0000027896f15bb0 JavaThread "Unconstrained build operations Thread 69" [_thread_blocked, id=3464, stack(0x000000dd2d400000,0x000000dd2d500000)]
  0x0000027896f173c0 JavaThread "Unconstrained build operations Thread 70" [_thread_blocked, id=8376, stack(0x000000dd2d500000,0x000000dd2d600000)]
  0x0000027896f17d60 JavaThread "Unconstrained build operations Thread 71" [_thread_blocked, id=9608, stack(0x000000dd2d600000,0x000000dd2d700000)]
  0x0000027896f143a0 JavaThread "Unconstrained build operations Thread 72" [_thread_blocked, id=11828, stack(0x000000dd2d700000,0x000000dd2d800000)]
  0x0000027895d3c3f0 JavaThread "Unconstrained build operations Thread 73" [_thread_blocked, id=6088, stack(0x000000dd2d800000,0x000000dd2d900000)]
  0x0000027895d3b0b0 JavaThread "Unconstrained build operations Thread 74" [_thread_blocked, id=5988, stack(0x000000dd2d900000,0x000000dd2da00000)]
  0x0000027895d3e5a0 JavaThread "Unconstrained build operations Thread 75" [_thread_blocked, id=15372, stack(0x000000dd2da00000,0x000000dd2db00000)]
  0x0000027895d3bf20 JavaThread "Unconstrained build operations Thread 76" [_thread_blocked, id=3000, stack(0x000000dd2db00000,0x000000dd2dc00000)]
  0x0000027895d39d70 JavaThread "Unconstrained build operations Thread 77" [_thread_blocked, id=8648, stack(0x000000dd2dc00000,0x000000dd2dd00000)]
  0x0000027895d3d260 JavaThread "Unconstrained build operations Thread 78" [_thread_blocked, id=5572, stack(0x000000dd2dd00000,0x000000dd2de00000)]
  0x0000027895d3ba50 JavaThread "Unconstrained build operations Thread 79" [_thread_blocked, id=16112, stack(0x000000dd2de00000,0x000000dd2df00000)]
  0x0000027895d3a710 JavaThread "Unconstrained build operations Thread 80" [_thread_blocked, id=13932, stack(0x000000dd2df00000,0x000000dd2e000000)]
  0x0000027895d3e0d0 JavaThread "WorkerExecutor Queue Thread 3" [_thread_blocked, id=16284, stack(0x000000dd2e000000,0x000000dd2e100000)]
  0x0000027895d3b580 JavaThread "WorkerExecutor Queue Thread 4" [_thread_blocked, id=13552, stack(0x000000dd2e100000,0x000000dd2e200000)]
  0x0000027895d3abe0 JavaThread "WorkerExecutor Queue Thread 5" [_thread_blocked, id=6244, stack(0x000000dd23e00000,0x000000dd23f00000)]
  0x0000027895d3c8c0 JavaThread "WorkerExecutor Queue Thread 6" [_thread_blocked, id=16280, stack(0x000000dd2e200000,0x000000dd2e300000)]
  0x0000027895d3ea70 JavaThread "WorkerExecutor Queue Thread 7" [_thread_blocked, id=5964, stack(0x000000dd2e300000,0x000000dd2e400000)]
  0x0000027895d3ef40 JavaThread "WorkerExecutor Queue Thread 8" [_thread_blocked, id=5796, stack(0x000000dd26000000,0x000000dd26100000)]
  0x0000027895d40c20 JavaThread "ForkJoinPool.commonPool-worker-1" daemon [_thread_blocked, id=5664, stack(0x000000dd2e400000,0x000000dd2e500000)]
  0x0000027895d3f8e0 JavaThread "ForkJoinPool.commonPool-worker-2" daemon [_thread_blocked, id=15956, stack(0x000000dd2e500000,0x000000dd2e600000)]
  0x0000027895d410f0 JavaThread "ForkJoinPool.commonPool-worker-3" daemon [_thread_blocked, id=14048, stack(0x000000dd2e600000,0x000000dd2e700000)]
  0x0000027895d398a0 JavaThread "ForkJoinPool.commonPool-worker-4" daemon [_thread_blocked, id=4972, stack(0x000000dd2e700000,0x000000dd2e800000)]
  0x0000027895d3a240 JavaThread "ForkJoinPool.commonPool-worker-5" daemon [_thread_blocked, id=9404, stack(0x000000dd2e800000,0x000000dd2e900000)]
  0x000002788d23eed0 JavaThread "ForkJoinPool.commonPool-worker-6" daemon [_thread_blocked, id=2980, stack(0x000000dd2e900000,0x000000dd2ea00000)]

Other Threads:
=>0x00000278ffa7bc60 VMThread "VM Thread" [stack: 0x000000dd24700000,0x000000dd24800000] [id=14640]
  0x00000278eb0c9090 WatcherThread [stack: 0x000000dd25300000,0x000000dd25400000] [id=9028]
  0x00000278eb09f440 GCTaskThread "GC Thread#0" [stack: 0x000000dd24200000,0x000000dd24300000] [id=13604]
  0x000002788aea6d30 GCTaskThread "GC Thread#1" [stack: 0x000000dd25400000,0x000000dd25500000] [id=68]
  0x000002788b959370 GCTaskThread "GC Thread#2" [stack: 0x000000dd25500000,0x000000dd25600000] [id=2404]
  0x000002788b959620 GCTaskThread "GC Thread#3" [stack: 0x000000dd25600000,0x000000dd25700000] [id=10616]
  0x000002788ba47750 GCTaskThread "GC Thread#4" [stack: 0x000000dd25700000,0x000000dd25800000] [id=9024]
  0x000002788be560d0 GCTaskThread "GC Thread#5" [stack: 0x000000dd26200000,0x000000dd26300000] [id=13752]
  0x000002788baa79f0 GCTaskThread "GC Thread#6" [stack: 0x000000dd26300000,0x000000dd26400000] [id=11296]
  0x000002788a8e5b80 GCTaskThread "GC Thread#7" [stack: 0x000000dd26400000,0x000000dd26500000] [id=5784]
  0x00000278eb0b0380 ConcurrentGCThread "G1 Main Marker" [stack: 0x000000dd24300000,0x000000dd24400000] [id=5856]
  0x00000278eb0b0d90 ConcurrentGCThread "G1 Conc#0" [stack: 0x000000dd24400000,0x000000dd24500000] [id=9652]
  0x000002788c1a7e90 ConcurrentGCThread "G1 Conc#1" [stack: 0x000000dd26500000,0x000000dd26600000] [id=15588]
  0x00000278eb0ee8b0 ConcurrentGCThread "G1 Refine#0" [stack: 0x000000dd24500000,0x000000dd24600000] [id=6752]
  0x000002789191d060 ConcurrentGCThread "G1 Refine#1" [stack: 0x000000dd2a400000,0x000000dd2a500000] [id=14288]
  0x000002789191f5c0 ConcurrentGCThread "G1 Refine#2" [stack: 0x000000dd2a500000,0x000000dd2a600000] [id=16080]
  0x00000278ff8d6420 ConcurrentGCThread "G1 Service" [stack: 0x000000dd24600000,0x000000dd24700000] [id=13388]

Threads with active compile tasks:

VM state: at safepoint (normal execution)

VM Mutex/Monitor currently owned by a thread:  ([mutex/lock_event])
[0x00000278eb02d6a0] Threads_lock - owner thread: 0x00000278ffa7bc60
[0x00000278eb02d970] Heap_lock - owner thread: 0x00000278eb0b0380

Heap address: 0x0000000700000000, size: 4096 MB, Compressed Oops mode: Zero based, Oop shift amount: 3

CDS archive(s) not mapped
Compressed class space mapped at: 0x0000000800000000-0x0000000840000000, reserved size: 1073741824
Narrow klass base: 0x0000000800000000, Narrow klass shift: 0, Narrow klass range: 0x40000000

GC Precious Log:
 CPUs: 8 total, 8 available
 Memory: 7103M
 Large Page Support: Disabled
 NUMA Support: Disabled
 Compressed Oops: Enabled (Zero based)
 Heap Region Size: 2M
 Heap Min Capacity: 8M
 Heap Initial Capacity: 112M
 Heap Max Capacity: 4G
 Pre-touch: Disabled
 Parallel Workers: 8
 Concurrent Workers: 2
 Concurrent Refinement Workers: 8
 Periodic GC: Disabled

Heap:
 garbage-first heap   total 438272K, used 359331K [0x0000000700000000, 0x0000000800000000)
  region size 2048K, 4 young (8192K), 3 survivors (6144K)
 Metaspace       used 124424K, committed 125632K, reserved 1163264K
  class space    used 17093K, committed 17664K, reserved 1048576K

Heap Regions: E=young(eden), S=young(survivor), O=old, HS=humongous(starts), HC=humongous(continues), CS=collection set, F=free, OA=open archive, CA=closed archive, TAMS=top-at-mark-start (previous, next)
|   0|0x0000000700000000, 0x0000000700200000, 0x0000000700200000|100%|HS|  |TAMS 0x0000000700200000, 0x0000000700000000| Complete 
|   1|0x0000000700200000, 0x0000000700400000, 0x0000000700400000|100%|HC|  |TAMS 0x0000000700400000, 0x0000000700200000| Complete 
|   2|0x0000000700400000, 0x0000000700600000, 0x0000000700600000|100%| O|  |TAMS 0x0000000700600000, 0x0000000700400000| Untracked 
|   3|0x0000000700600000, 0x0000000700800000, 0x0000000700800000|100%| O|  |TAMS 0x0000000700800000, 0x0000000700600000| Untracked 
|   4|0x0000000700800000, 0x0000000700a00000, 0x0000000700a00000|100%| O|  |TAMS 0x0000000700a00000, 0x0000000700800000| Untracked 
|   5|0x0000000700a00000, 0x0000000700c00000, 0x0000000700c00000|100%| O|  |TAMS 0x0000000700c00000, 0x0000000700a00000| Untracked 
|   6|0x0000000700c00000, 0x0000000700e00000, 0x0000000700e00000|100%| O|  |TAMS 0x0000000700e00000, 0x0000000700c00000| Untracked 
|   7|0x0000000700e00000, 0x0000000701000000, 0x0000000701000000|100%| O|  |TAMS 0x0000000701000000, 0x0000000700e00000| Untracked 
|   8|0x0000000701000000, 0x0000000701200000, 0x0000000701200000|100%| O|  |TAMS 0x0000000701200000, 0x0000000701000000| Untracked 
|   9|0x0000000701200000, 0x0000000701400000, 0x0000000701400000|100%| O|  |TAMS 0x0000000701400000, 0x0000000701200000| Untracked 
|  10|0x0000000701400000, 0x0000000701600000, 0x0000000701600000|100%| O|  |TAMS 0x0000000701600000, 0x0000000701400000| Untracked 
|  11|0x0000000701600000, 0x0000000701800000, 0x0000000701800000|100%| O|  |TAMS 0x0000000701800000, 0x0000000701600000| Untracked 
|  12|0x0000000701800000, 0x0000000701a00000, 0x0000000701a00000|100%| O|  |TAMS 0x0000000701a00000, 0x0000000701800000| Untracked 
|  13|0x0000000701a00000, 0x0000000701c00000, 0x0000000701c00000|100%| O|  |TAMS 0x0000000701c00000, 0x0000000701a00000| Untracked 
|  14|0x0000000701c00000, 0x0000000701e00000, 0x0000000701e00000|100%| O|  |TAMS 0x0000000701e00000, 0x0000000701c00000| Untracked 
|  15|0x0000000701e00000, 0x0000000702000000, 0x0000000702000000|100%| O|  |TAMS 0x0000000702000000, 0x0000000701e00000| Updating 
|  16|0x0000000702000000, 0x0000000702200000, 0x0000000702200000|100%| O|  |TAMS 0x0000000702200000, 0x0000000702000000| Untracked 
|  17|0x0000000702200000, 0x0000000702400000, 0x0000000702400000|100%| O|  |TAMS 0x0000000702400000, 0x0000000702200000| Untracked 
|  18|0x0000000702400000, 0x0000000702600000, 0x0000000702600000|100%| O|  |TAMS 0x0000000702600000, 0x0000000702400000| Untracked 
|  19|0x0000000702600000, 0x0000000702800000, 0x0000000702800000|100%| O|  |TAMS 0x0000000702800000, 0x0000000702600000| Untracked 
|  20|0x0000000702800000, 0x0000000702a00000, 0x0000000702a00000|100%| O|  |TAMS 0x0000000702a00000, 0x0000000702800000| Updating 
|  21|0x0000000702a00000, 0x0000000702c00000, 0x0000000702c00000|100%|HS|  |TAMS 0x0000000702c00000, 0x0000000702a00000| Complete 
|  22|0x0000000702c00000, 0x0000000702e00000, 0x0000000702e00000|100%| O|  |TAMS 0x0000000702e00000, 0x0000000702c00000| Updating 
|  23|0x0000000702e00000, 0x0000000703000000, 0x0000000703000000|100%|HS|  |TAMS 0x0000000703000000, 0x0000000702e00000| Complete 
|  24|0x0000000703000000, 0x0000000703200000, 0x0000000703200000|100%|HC|  |TAMS 0x0000000703200000, 0x0000000703000000| Complete 
|  25|0x0000000703200000, 0x0000000703400000, 0x0000000703400000|100%| O|  |TAMS 0x0000000703400000, 0x0000000703200000| Untracked 
|  26|0x0000000703400000, 0x0000000703600000, 0x0000000703600000|100%| O|  |TAMS 0x0000000703600000, 0x0000000703400000| Untracked 
|  27|0x0000000703600000, 0x0000000703800000, 0x0000000703800000|100%| O|  |TAMS 0x0000000703800000, 0x0000000703600000| Untracked 
|  28|0x0000000703800000, 0x0000000703a00000, 0x0000000703a00000|100%| O|  |TAMS 0x0000000703a00000, 0x0000000703800000| Untracked 
|  29|0x0000000703a00000, 0x0000000703c00000, 0x0000000703c00000|100%|HS|  |TAMS 0x0000000703c00000, 0x0000000703a00000| Complete 
|  30|0x0000000703c00000, 0x0000000703e00000, 0x0000000703e00000|100%| O|  |TAMS 0x0000000703e00000, 0x0000000703c00000| Updating 
|  31|0x0000000703e00000, 0x0000000704000000, 0x0000000704000000|100%| O|  |TAMS 0x0000000704000000, 0x0000000703e00000| Untracked 
|  32|0x0000000704000000, 0x0000000704200000, 0x0000000704200000|100%| O|  |TAMS 0x0000000704200000, 0x0000000704000000| Untracked 
|  33|0x0000000704200000, 0x0000000704400000, 0x0000000704400000|100%| O|  |TAMS 0x0000000704400000, 0x0000000704200000| Untracked 
|  34|0x0000000704400000, 0x0000000704600000, 0x0000000704600000|100%| O|  |TAMS 0x0000000704600000, 0x0000000704400000| Untracked 
|  35|0x0000000704600000, 0x0000000704800000, 0x0000000704800000|100%| O|  |TAMS 0x0000000704800000, 0x0000000704600000| Untracked 
|  36|0x0000000704800000, 0x0000000704a00000, 0x0000000704a00000|100%| O|  |TAMS 0x0000000704a00000, 0x0000000704800000| Untracked 
|  37|0x0000000704a00000, 0x0000000704c00000, 0x0000000704c00000|100%|HS|  |TAMS 0x0000000704c00000, 0x0000000704a00000| Complete 
|  38|0x0000000704c00000, 0x0000000704e00000, 0x0000000704e00000|100%|HC|  |TAMS 0x0000000704e00000, 0x0000000704c00000| Complete 
|  39|0x0000000704e00000, 0x0000000705000000, 0x0000000705000000|100%| O|  |TAMS 0x0000000705000000, 0x0000000704e00000| Untracked 
|  40|0x0000000705000000, 0x0000000705200000, 0x0000000705200000|100%| O|  |TAMS 0x0000000705200000, 0x0000000705000000| Untracked 
|  41|0x0000000705200000, 0x0000000705400000, 0x0000000705400000|100%| O|  |TAMS 0x0000000705400000, 0x0000000705200000| Untracked 
|  42|0x0000000705400000, 0x0000000705600000, 0x0000000705600000|100%|HS|  |TAMS 0x0000000705600000, 0x0000000705400000| Complete 
|  43|0x0000000705600000, 0x0000000705800000, 0x0000000705800000|100%|HC|  |TAMS 0x0000000705800000, 0x0000000705600000| Complete 
|  44|0x0000000705800000, 0x0000000705a00000, 0x0000000705a00000|100%| O|  |TAMS 0x0000000705a00000, 0x0000000705800000| Untracked 
|  45|0x0000000705a00000, 0x0000000705c00000, 0x0000000705c00000|100%| O|  |TAMS 0x0000000705c00000, 0x0000000705a00000| Untracked 
|  46|0x0000000705c00000, 0x0000000705e00000, 0x0000000705e00000|100%| O|  |TAMS 0x0000000705e00000, 0x0000000705c00000| Updating 
|  47|0x0000000705e00000, 0x0000000706000000, 0x0000000706000000|100%|HS|  |TAMS 0x0000000706000000, 0x0000000705e00000| Complete 
|  48|0x0000000706000000, 0x0000000706200000, 0x0000000706200000|100%| O|  |TAMS 0x0000000706200000, 0x0000000706000000| Untracked 
|  49|0x0000000706200000, 0x0000000706400000, 0x0000000706400000|100%| O|  |TAMS 0x0000000706400000, 0x0000000706200000| Untracked 
|  50|0x0000000706400000, 0x0000000706600000, 0x0000000706600000|100%| O|  |TAMS 0x0000000706600000, 0x0000000706400000| Untracked 
|  51|0x0000000706600000, 0x0000000706800000, 0x0000000706800000|100%| O|  |TAMS 0x0000000706800000, 0x0000000706600000| Untracked 
|  52|0x0000000706800000, 0x0000000706a00000, 0x0000000706a00000|100%| O|  |TAMS 0x0000000706a00000, 0x0000000706800000| Untracked 
|  53|0x0000000706a00000, 0x0000000706c00000, 0x0000000706c00000|100%| O|  |TAMS 0x0000000706c00000, 0x0000000706a00000| Untracked 
|  54|0x0000000706c00000, 0x0000000706e00000, 0x0000000706e00000|100%| O|  |TAMS 0x0000000706e00000, 0x0000000706c00000| Untracked 
|  55|0x0000000706e00000, 0x0000000707000000, 0x0000000707000000|100%| O|  |TAMS 0x0000000707000000, 0x0000000706e00000| Untracked 
|  56|0x0000000707000000, 0x0000000707200000, 0x0000000707200000|100%| O|  |TAMS 0x0000000707200000, 0x0000000707000000| Untracked 
|  57|0x0000000707200000, 0x0000000707400000, 0x0000000707400000|100%| O|  |TAMS 0x0000000707400000, 0x0000000707200000| Updating 
|  58|0x0000000707400000, 0x0000000707600000, 0x0000000707600000|100%| O|  |TAMS 0x0000000707600000, 0x0000000707400000| Untracked 
|  59|0x0000000707600000, 0x0000000707800000, 0x0000000707800000|100%| O|  |TAMS 0x0000000707800000, 0x0000000707600000| Untracked 
|  60|0x0000000707800000, 0x0000000707a00000, 0x0000000707a00000|100%| O|  |TAMS 0x0000000707a00000, 0x0000000707800000| Untracked 
|  61|0x0000000707a00000, 0x0000000707c00000, 0x0000000707c00000|100%| O|  |TAMS 0x0000000707c00000, 0x0000000707a00000| Untracked 
|  62|0x0000000707c00000, 0x0000000707e00000, 0x0000000707e00000|100%| O|  |TAMS 0x0000000707e00000, 0x0000000707c00000| Untracked 
|  63|0x0000000707e00000, 0x0000000708000000, 0x0000000708000000|100%| O|  |TAMS 0x0000000708000000, 0x0000000707e00000| Updating 
|  64|0x0000000708000000, 0x0000000708200000, 0x0000000708200000|100%| O|  |TAMS 0x0000000708200000, 0x0000000708000000| Updating 
|  65|0x0000000708200000, 0x0000000708400000, 0x0000000708400000|100%| O|  |TAMS 0x0000000708400000, 0x0000000708200000| Untracked 
|  66|0x0000000708400000, 0x0000000708600000, 0x0000000708600000|100%| O|  |TAMS 0x0000000708600000, 0x0000000708400000| Untracked 
|  67|0x0000000708600000, 0x0000000708800000, 0x0000000708800000|100%| O|  |TAMS 0x0000000708800000, 0x0000000708600000| Updating 
|  68|0x0000000708800000, 0x0000000708a00000, 0x0000000708a00000|100%| O|  |TAMS 0x0000000708a00000, 0x0000000708800000| Updating 
|  69|0x0000000708a00000, 0x0000000708c00000, 0x0000000708c00000|100%| O|  |TAMS 0x0000000708c00000, 0x0000000708a00000| Untracked 
|  70|0x0000000708c00000, 0x0000000708e00000, 0x0000000708e00000|100%| O|  |TAMS 0x0000000708e00000, 0x0000000708c00000| Untracked 
|  71|0x0000000708e00000, 0x0000000709000000, 0x0000000709000000|100%| O|  |TAMS 0x0000000709000000, 0x0000000708e00000| Untracked 
|  72|0x0000000709000000, 0x0000000709200000, 0x0000000709200000|100%| O|  |TAMS 0x0000000709200000, 0x0000000709000000| Updating 
|  73|0x0000000709200000, 0x0000000709400000, 0x0000000709400000|100%|HS|  |TAMS 0x0000000709400000, 0x0000000709200000| Complete 
|  74|0x0000000709400000, 0x0000000709600000, 0x0000000709600000|100%| O|  |TAMS 0x0000000709600000, 0x0000000709400000| Untracked 
|  75|0x0000000709600000, 0x0000000709800000, 0x0000000709800000|100%| O|  |TAMS 0x0000000709800000, 0x0000000709600000| Untracked 
|  76|0x0000000709800000, 0x0000000709a00000, 0x0000000709a00000|100%| O|  |TAMS 0x0000000709a00000, 0x0000000709800000| Updating 
|  77|0x0000000709a00000, 0x0000000709c00000, 0x0000000709c00000|100%| O|  |TAMS 0x0000000709c00000, 0x0000000709a00000| Updating 
|  78|0x0000000709c00000, 0x0000000709e00000, 0x0000000709e00000|100%| O|  |TAMS 0x0000000709e00000, 0x0000000709c00000| Updating 
|  79|0x0000000709e00000, 0x000000070a000000, 0x000000070a000000|100%| O|  |TAMS 0x000000070a000000, 0x0000000709e00000| Updating 
|  80|0x000000070a000000, 0x000000070a200000, 0x000000070a200000|100%| O|  |TAMS 0x000000070a200000, 0x000000070a000000| Updating 
|  81|0x000000070a200000, 0x000000070a400000, 0x000000070a400000|100%| O|  |TAMS 0x000000070a400000, 0x000000070a200000| Updating 
|  82|0x000000070a400000, 0x000000070a600000, 0x000000070a600000|100%| O|  |TAMS 0x000000070a600000, 0x000000070a400000| Updating 
|  83|0x000000070a600000, 0x000000070a800000, 0x000000070a800000|100%| O|  |TAMS 0x000000070a800000, 0x000000070a600000| Updating 
|  84|0x000000070a800000, 0x000000070aa00000, 0x000000070aa00000|100%| O|  |TAMS 0x000000070aa00000, 0x000000070a800000| Updating 
|  85|0x000000070aa00000, 0x000000070ac00000, 0x000000070ac00000|100%| O|  |TAMS 0x000000070ac00000, 0x000000070aa00000| Updating 
|  86|0x000000070ac00000, 0x000000070ae00000, 0x000000070ae00000|100%| O|  |TAMS 0x000000070ae00000, 0x000000070ac00000| Untracked 
|  87|0x000000070ae00000, 0x000000070b000000, 0x000000070b000000|100%| O|  |TAMS 0x000000070b000000, 0x000000070ae00000| Updating 
|  88|0x000000070b000000, 0x000000070b200000, 0x000000070b200000|100%| O|  |TAMS 0x000000070b200000, 0x000000070b000000| Updating 
|  89|0x000000070b200000, 0x000000070b400000, 0x000000070b400000|100%| O|  |TAMS 0x000000070b400000, 0x000000070b200000| Updating 
|  90|0x000000070b400000, 0x000000070b600000, 0x000000070b600000|100%| O|  |TAMS 0x000000070b600000, 0x000000070b400000| Untracked 
|  91|0x000000070b600000, 0x000000070b63a800, 0x000000070b800000| 11%| O|  |TAMS 0x000000070b63a800, 0x000000070b600000| Updating 
|  92|0x000000070b800000, 0x000000070ba00000, 0x000000070ba00000|100%|HS|  |TAMS 0x000000070b800000, 0x000000070b800000| Complete 
|  93|0x000000070ba00000, 0x000000070bc00000, 0x000000070bc00000|100%|HS|  |TAMS 0x000000070ba00000, 0x000000070ba00000| Complete 
|  94|0x000000070bc00000, 0x000000070be00000, 0x000000070be00000|100%|HS|  |TAMS 0x000000070bc00000, 0x000000070bc00000| Complete 
|  95|0x000000070be00000, 0x000000070c000000, 0x000000070c000000|100%|HS|  |TAMS 0x000000070be00000, 0x000000070be00000| Complete 
|  96|0x000000070c000000, 0x000000070c200000, 0x000000070c200000|100%|HS|  |TAMS 0x000000070c200000, 0x000000070c000000| Complete 
|  97|0x000000070c200000, 0x000000070c400000, 0x000000070c400000|100%|HS|  |TAMS 0x000000070c200000, 0x000000070c200000| Complete 
|  98|0x000000070c400000, 0x000000070c600000, 0x000000070c600000|100%|HS|  |TAMS 0x000000070c400000, 0x000000070c400000| Complete 
|  99|0x000000070c600000, 0x000000070c800000, 0x000000070c800000|100%|HS|  |TAMS 0x000000070c600000, 0x000000070c600000| Complete 
| 100|0x000000070c800000, 0x000000070ca00000, 0x000000070ca00000|100%|HS|  |TAMS 0x000000070ca00000, 0x000000070c800000| Complete 
| 101|0x000000070ca00000, 0x000000070cc00000, 0x000000070cc00000|100%| O|  |TAMS 0x000000070cc00000, 0x000000070ca00000| Untracked 
| 102|0x000000070cc00000, 0x000000070ce00000, 0x000000070ce00000|100%| O|  |TAMS 0x000000070ce00000, 0x000000070cc00000| Untracked 
| 103|0x000000070ce00000, 0x000000070d000000, 0x000000070d000000|100%| O|  |TAMS 0x000000070d000000, 0x000000070ce00000| Untracked 
| 104|0x000000070d000000, 0x000000070d200000, 0x000000070d200000|100%| O|  |TAMS 0x000000070d200000, 0x000000070d000000| Updating 
| 105|0x000000070d200000, 0x000000070d200000, 0x000000070d400000|  0%| F|  |TAMS 0x000000070d200000, 0x000000070d200000| Untracked 
| 106|0x000000070d400000, 0x000000070d400000, 0x000000070d600000|  0%| F|  |TAMS 0x000000070d400000, 0x000000070d400000| Untracked 
| 107|0x000000070d600000, 0x000000070d600000, 0x000000070d800000|  0%| F|  |TAMS 0x000000070d600000, 0x000000070d600000| Untracked 
| 108|0x000000070d800000, 0x000000070d800000, 0x000000070da00000|  0%| F|  |TAMS 0x000000070d800000, 0x000000070d800000| Untracked 
| 109|0x000000070da00000, 0x000000070da00000, 0x000000070dc00000|  0%| F|  |TAMS 0x000000070da00000, 0x000000070da00000| Untracked 
| 110|0x000000070dc00000, 0x000000070dc00000, 0x000000070de00000|  0%| F|  |TAMS 0x000000070dc00000, 0x000000070dc00000| Untracked 
| 111|0x000000070de00000, 0x000000070de00000, 0x000000070e000000|  0%| F|  |TAMS 0x000000070de00000, 0x000000070de00000| Untracked 
| 112|0x000000070e000000, 0x000000070e000000, 0x000000070e200000|  0%| F|  |TAMS 0x000000070e000000, 0x000000070e000000| Untracked 
| 113|0x000000070e200000, 0x000000070e200000, 0x000000070e400000|  0%| F|  |TAMS 0x000000070e200000, 0x000000070e200000| Untracked 
| 114|0x000000070e400000, 0x000000070e400000, 0x000000070e600000|  0%| F|  |TAMS 0x000000070e400000, 0x000000070e400000| Untracked 
| 115|0x000000070e600000, 0x000000070e600000, 0x000000070e800000|  0%| F|  |TAMS 0x000000070e600000, 0x000000070e600000| Untracked 
| 116|0x000000070e800000, 0x000000070e800000, 0x000000070ea00000|  0%| F|  |TAMS 0x000000070e800000, 0x000000070e800000| Untracked 
| 117|0x000000070ea00000, 0x000000070ea00000, 0x000000070ec00000|  0%| F|  |TAMS 0x000000070ea00000, 0x000000070ea00000| Untracked 
| 118|0x000000070ec00000, 0x000000070ec00000, 0x000000070ee00000|  0%| F|  |TAMS 0x000000070ec00000, 0x000000070ec00000| Untracked 
| 119|0x000000070ee00000, 0x000000070ee00000, 0x000000070f000000|  0%| F|  |TAMS 0x000000070ee00000, 0x000000070ee00000| Untracked 
| 120|0x000000070f000000, 0x000000070f000000, 0x000000070f200000|  0%| F|  |TAMS 0x000000070f000000, 0x000000070f000000| Untracked 
| 121|0x000000070f200000, 0x000000070f200000, 0x000000070f400000|  0%| F|  |TAMS 0x000000070f200000, 0x000000070f200000| Untracked 
| 122|0x000000070f400000, 0x000000070f400000, 0x000000070f600000|  0%| F|  |TAMS 0x000000070f400000, 0x000000070f400000| Untracked 
| 123|0x000000070f600000, 0x000000070f600000, 0x000000070f800000|  0%| F|  |TAMS 0x000000070f600000, 0x000000070f600000| Untracked 
| 124|0x000000070f800000, 0x000000070f800000, 0x000000070fa00000|  0%| F|  |TAMS 0x000000070f800000, 0x000000070f800000| Untracked 
| 125|0x000000070fa00000, 0x000000070fc00000, 0x000000070fc00000|100%|HS|  |TAMS 0x000000070fc00000, 0x000000070fa00000| Complete 
| 126|0x000000070fc00000, 0x000000070fe00000, 0x000000070fe00000|100%|HC|  |TAMS 0x000000070fe00000, 0x000000070fc00000| Complete 
| 127|0x000000070fe00000, 0x0000000710000000, 0x0000000710000000|100%|HC|  |TAMS 0x0000000710000000, 0x000000070fe00000| Complete 
| 128|0x0000000710000000, 0x0000000710200000, 0x0000000710200000|100%|HC|  |TAMS 0x0000000710200000, 0x0000000710000000| Complete 
| 129|0x0000000710200000, 0x0000000710400000, 0x0000000710400000|100%|HC|  |TAMS 0x0000000710400000, 0x0000000710200000| Complete 
| 130|0x0000000710400000, 0x0000000710600000, 0x0000000710600000|100%|HC|  |TAMS 0x0000000710600000, 0x0000000710400000| Complete 
| 131|0x0000000710600000, 0x0000000710800000, 0x0000000710800000|100%|HC|  |TAMS 0x0000000710800000, 0x0000000710600000| Complete 
| 132|0x0000000710800000, 0x0000000710a00000, 0x0000000710a00000|100%|HC|  |TAMS 0x0000000710a00000, 0x0000000710800000| Complete 
| 133|0x0000000710a00000, 0x0000000710c00000, 0x0000000710c00000|100%|HC|  |TAMS 0x0000000710c00000, 0x0000000710a00000| Complete 
| 134|0x0000000710c00000, 0x0000000710e00000, 0x0000000710e00000|100%|HC|  |TAMS 0x0000000710e00000, 0x0000000710c00000| Complete 
| 135|0x0000000710e00000, 0x0000000711000000, 0x0000000711000000|100%|HC|  |TAMS 0x0000000711000000, 0x0000000710e00000| Complete 
| 136|0x0000000711000000, 0x0000000711200000, 0x0000000711200000|100%|HC|  |TAMS 0x0000000711200000, 0x0000000711000000| Complete 
| 137|0x0000000711200000, 0x0000000711400000, 0x0000000711400000|100%|HC|  |TAMS 0x0000000711400000, 0x0000000711200000| Complete 
| 138|0x0000000711400000, 0x0000000711600000, 0x0000000711600000|100%|HC|  |TAMS 0x0000000711600000, 0x0000000711400000| Complete 
| 139|0x0000000711600000, 0x0000000711800000, 0x0000000711800000|100%|HC|  |TAMS 0x0000000711800000, 0x0000000711600000| Complete 
| 140|0x0000000711800000, 0x0000000711a00000, 0x0000000711a00000|100%|HC|  |TAMS 0x0000000711a00000, 0x0000000711800000| Complete 
| 141|0x0000000711a00000, 0x0000000711c00000, 0x0000000711c00000|100%|HC|  |TAMS 0x0000000711c00000, 0x0000000711a00000| Complete 
| 142|0x0000000711c00000, 0x0000000711e00000, 0x0000000711e00000|100%|HC|  |TAMS 0x0000000711e00000, 0x0000000711c00000| Complete 
| 143|0x0000000711e00000, 0x0000000712000000, 0x0000000712000000|100%|HC|  |TAMS 0x0000000712000000, 0x0000000711e00000| Complete 
| 144|0x0000000712000000, 0x0000000712200000, 0x0000000712200000|100%|HC|  |TAMS 0x0000000712200000, 0x0000000712000000| Complete 
| 145|0x0000000712200000, 0x0000000712400000, 0x0000000712400000|100%|HS|  |TAMS 0x0000000712400000, 0x0000000712200000| Complete 
| 146|0x0000000712400000, 0x0000000712600000, 0x0000000712600000|100%|HS|  |TAMS 0x0000000712600000, 0x0000000712400000| Complete 
| 147|0x0000000712600000, 0x0000000712800000, 0x0000000712800000|100%|HS|  |TAMS 0x0000000712800000, 0x0000000712600000| Complete 
| 148|0x0000000712800000, 0x0000000712a00000, 0x0000000712a00000|100%|HS|  |TAMS 0x0000000712a00000, 0x0000000712800000| Complete 
| 149|0x0000000712a00000, 0x0000000712c00000, 0x0000000712c00000|100%|HS|  |TAMS 0x0000000712c00000, 0x0000000712a00000| Complete 
| 150|0x0000000712c00000, 0x0000000712e00000, 0x0000000712e00000|100%|HS|  |TAMS 0x0000000712e00000, 0x0000000712c00000| Complete 
| 151|0x0000000712e00000, 0x0000000713000000, 0x0000000713000000|100%|HS|  |TAMS 0x0000000713000000, 0x0000000712e00000| Complete 
| 152|0x0000000713000000, 0x0000000713200000, 0x0000000713200000|100%|HS|  |TAMS 0x0000000713200000, 0x0000000713000000| Complete 
| 153|0x0000000713200000, 0x0000000713400000, 0x0000000713400000|100%|HS|  |TAMS 0x0000000713400000, 0x0000000713200000| Complete 
| 154|0x0000000713400000, 0x0000000713600000, 0x0000000713600000|100%|HS|  |TAMS 0x0000000713600000, 0x0000000713400000| Complete 
| 155|0x0000000713600000, 0x0000000713800000, 0x0000000713800000|100%|HS|  |TAMS 0x0000000713600000, 0x0000000713600000| Complete 
| 156|0x0000000713800000, 0x0000000713a00000, 0x0000000713a00000|100%|HS|  |TAMS 0x0000000713800000, 0x0000000713800000| Complete 
| 157|0x0000000713a00000, 0x0000000713c00000, 0x0000000713c00000|100%|HS|  |TAMS 0x0000000713a00000, 0x0000000713a00000| Complete 
| 158|0x0000000713c00000, 0x0000000713e00000, 0x0000000713e00000|100%|HS|  |TAMS 0x0000000713c00000, 0x0000000713c00000| Complete 
| 159|0x0000000713e00000, 0x0000000714000000, 0x0000000714000000|100%|HS|  |TAMS 0x0000000713e00000, 0x0000000713e00000| Complete 
| 160|0x0000000714000000, 0x0000000714200000, 0x0000000714200000|100%|HS|  |TAMS 0x0000000714000000, 0x0000000714000000| Complete 
| 161|0x0000000714200000, 0x0000000714400000, 0x0000000714400000|100%|HS|  |TAMS 0x0000000714200000, 0x0000000714200000| Complete 
| 162|0x0000000714400000, 0x0000000714600000, 0x0000000714600000|100%|HS|  |TAMS 0x0000000714400000, 0x0000000714400000| Complete 
| 163|0x0000000714600000, 0x0000000714800000, 0x0000000714800000|100%|HS|  |TAMS 0x0000000714600000, 0x0000000714600000| Complete 
| 164|0x0000000714800000, 0x0000000714a00000, 0x0000000714a00000|100%|HS|  |TAMS 0x0000000714800000, 0x0000000714800000| Complete 
| 165|0x0000000714a00000, 0x0000000714c00000, 0x0000000714c00000|100%|HS|  |TAMS 0x0000000714a00000, 0x0000000714a00000| Complete 
| 166|0x0000000714c00000, 0x0000000714e00000, 0x0000000714e00000|100%|HS|  |TAMS 0x0000000714c00000, 0x0000000714c00000| Complete 
| 167|0x0000000714e00000, 0x0000000715000000, 0x0000000715000000|100%|HS|  |TAMS 0x0000000714e00000, 0x0000000714e00000| Complete 
| 168|0x0000000715000000, 0x0000000715200000, 0x0000000715200000|100%|HS|  |TAMS 0x0000000715000000, 0x0000000715000000| Complete 
| 169|0x0000000715200000, 0x0000000715400000, 0x0000000715400000|100%|HS|  |TAMS 0x0000000715200000, 0x0000000715200000| Complete 
| 170|0x0000000715400000, 0x0000000715600000, 0x0000000715600000|100%|HS|  |TAMS 0x0000000715400000, 0x0000000715400000| Complete 
| 171|0x0000000715600000, 0x0000000715800000, 0x0000000715800000|100%|HS|  |TAMS 0x0000000715600000, 0x0000000715600000| Complete 
| 172|0x0000000715800000, 0x0000000715a00000, 0x0000000715a00000|100%|HS|  |TAMS 0x0000000715800000, 0x0000000715800000| Complete 
| 173|0x0000000715a00000, 0x0000000715c00000, 0x0000000715c00000|100%|HS|  |TAMS 0x0000000715a00000, 0x0000000715a00000| Complete 
| 174|0x0000000715c00000, 0x0000000715e00000, 0x0000000715e00000|100%|HS|  |TAMS 0x0000000715c00000, 0x0000000715c00000| Complete 
| 175|0x0000000715e00000, 0x0000000716000000, 0x0000000716000000|100%|HS|  |TAMS 0x0000000715e00000, 0x0000000715e00000| Complete 
| 176|0x0000000716000000, 0x0000000716200000, 0x0000000716200000|100%|HS|  |TAMS 0x0000000716000000, 0x0000000716000000| Complete 
| 177|0x0000000716200000, 0x0000000716400000, 0x0000000716400000|100%|HS|  |TAMS 0x0000000716200000, 0x0000000716200000| Complete 
| 178|0x0000000716400000, 0x0000000716600000, 0x0000000716600000|100%|HS|  |TAMS 0x0000000716400000, 0x0000000716400000| Complete 
| 179|0x0000000716600000, 0x0000000716800000, 0x0000000716800000|100%|HS|  |TAMS 0x0000000716600000, 0x0000000716600000| Complete 
| 180|0x0000000716800000, 0x0000000716a00000, 0x0000000716a00000|100%|HS|  |TAMS 0x0000000716800000, 0x0000000716800000| Complete 
| 181|0x0000000716a00000, 0x0000000716c00000, 0x0000000716c00000|100%|HS|  |TAMS 0x0000000716a00000, 0x0000000716a00000| Complete 
| 182|0x0000000716c00000, 0x0000000716e00000, 0x0000000716e00000|100%|HS|  |TAMS 0x0000000716c00000, 0x0000000716c00000| Complete 
| 183|0x0000000716e00000, 0x0000000717000000, 0x0000000717000000|100%|HS|  |TAMS 0x0000000716e00000, 0x0000000716e00000| Complete 
| 184|0x0000000717000000, 0x0000000717200000, 0x0000000717200000|100%|HS|  |TAMS 0x0000000717000000, 0x0000000717000000| Complete 
| 185|0x0000000717200000, 0x0000000717400000, 0x0000000717400000|100%|HS|  |TAMS 0x0000000717200000, 0x0000000717200000| Complete 
| 186|0x0000000717400000, 0x0000000717600000, 0x0000000717600000|100%|HS|  |TAMS 0x0000000717400000, 0x0000000717400000| Complete 
| 187|0x0000000717600000, 0x0000000717800000, 0x0000000717800000|100%|HS|  |TAMS 0x0000000717600000, 0x0000000717600000| Complete 
| 188|0x0000000717800000, 0x0000000717a00000, 0x0000000717a00000|100%|HS|  |TAMS 0x0000000717800000, 0x0000000717800000| Complete 
| 189|0x0000000717a00000, 0x0000000717c00000, 0x0000000717c00000|100%|HS|  |TAMS 0x0000000717a00000, 0x0000000717a00000| Complete 
| 190|0x0000000717c00000, 0x0000000717e00000, 0x0000000717e00000|100%|HS|  |TAMS 0x0000000717c00000, 0x0000000717c00000| Complete 
| 191|0x0000000717e00000, 0x0000000718000000, 0x0000000718000000|100%|HS|  |TAMS 0x0000000717e00000, 0x0000000717e00000| Complete 
| 192|0x0000000718000000, 0x0000000718200000, 0x0000000718200000|100%|HS|  |TAMS 0x0000000718000000, 0x0000000718000000| Complete 
| 193|0x0000000718200000, 0x0000000718400000, 0x0000000718400000|100%|HS|  |TAMS 0x0000000718200000, 0x0000000718200000| Complete 
| 194|0x0000000718400000, 0x0000000718400000, 0x0000000718600000|  0%| F|  |TAMS 0x0000000718400000, 0x0000000718400000| Untracked 
| 195|0x0000000718600000, 0x0000000718600000, 0x0000000718800000|  0%| F|  |TAMS 0x0000000718600000, 0x0000000718600000| Untracked 
| 196|0x0000000718800000, 0x0000000718800000, 0x0000000718a00000|  0%| F|  |TAMS 0x0000000718800000, 0x0000000718800000| Untracked 
| 197|0x0000000718a00000, 0x0000000718a00000, 0x0000000718c00000|  0%| F|  |TAMS 0x0000000718a00000, 0x0000000718a00000| Untracked 
| 198|0x0000000718c00000, 0x0000000718c00000, 0x0000000718e00000|  0%| F|  |TAMS 0x0000000718c00000, 0x0000000718c00000| Untracked 
| 199|0x0000000718e00000, 0x0000000718e00000, 0x0000000719000000|  0%| F|  |TAMS 0x0000000718e00000, 0x0000000718e00000| Untracked 
| 200|0x0000000719000000, 0x0000000719000000, 0x0000000719200000|  0%| F|  |TAMS 0x0000000719000000, 0x0000000719000000| Untracked 
| 201|0x0000000719200000, 0x0000000719200000, 0x0000000719400000|  0%| F|  |TAMS 0x0000000719200000, 0x0000000719200000| Untracked 
| 202|0x0000000719400000, 0x0000000719400000, 0x0000000719600000|  0%| F|  |TAMS 0x0000000719400000, 0x0000000719400000| Untracked 
| 203|0x0000000719600000, 0x0000000719600000, 0x0000000719800000|  0%| F|  |TAMS 0x0000000719600000, 0x0000000719600000| Untracked 
| 204|0x0000000719800000, 0x0000000719800000, 0x0000000719a00000|  0%| F|  |TAMS 0x0000000719800000, 0x0000000719800000| Untracked 
| 205|0x0000000719a00000, 0x0000000719a00000, 0x0000000719c00000|  0%| F|  |TAMS 0x0000000719a00000, 0x0000000719a00000| Untracked 
| 206|0x0000000719c00000, 0x0000000719c00000, 0x0000000719e00000|  0%| F|  |TAMS 0x0000000719c00000, 0x0000000719c00000| Untracked 
| 207|0x0000000719e00000, 0x0000000719e00000, 0x000000071a000000|  0%| F|  |TAMS 0x0000000719e00000, 0x0000000719e00000| Untracked 
| 208|0x000000071a000000, 0x000000071a000000, 0x000000071a200000|  0%| F|  |TAMS 0x000000071a000000, 0x000000071a000000| Untracked 
| 209|0x000000071a200000, 0x000000071a200000, 0x000000071a400000|  0%| F|  |TAMS 0x000000071a200000, 0x000000071a200000| Untracked 
| 210|0x000000071a400000, 0x000000071a4ae6c0, 0x000000071a600000| 34%| S|CS|TAMS 0x000000071a400000, 0x000000071a400000| Complete 
| 211|0x000000071a600000, 0x000000071a800000, 0x000000071a800000|100%| S|CS|TAMS 0x000000071a600000, 0x000000071a600000| Complete 
| 212|0x000000071a800000, 0x000000071aa00000, 0x000000071aa00000|100%| S|CS|TAMS 0x000000071a800000, 0x000000071a800000| Complete 
| 213|0x000000071aa00000, 0x000000071ab59568, 0x000000071ac00000| 67%| E|  |TAMS 0x000000071aa00000, 0x000000071aa00000| Complete 

Card table byte_map: [0x00000278fe020000,0x00000278fe820000] _byte_map_base: 0x00000278fa820000

Marking Bits (Prev, Next): (CMBitMap*) 0x00000278eb09fa90, (CMBitMap*) 0x00000278eb09fa50
 Prev Bits: [0x0000027884000000, 0x0000027888000000)
 Next Bits: [0x0000027880000000, 0x0000027884000000)

Polling page: 0x00000278ea7f0000

Metaspace:

Usage:
  Non-class:    104.81 MB used.
      Class:     16.69 MB used.
       Both:    121.51 MB used.

Virtual space:
  Non-class space:      112.00 MB reserved,     105.44 MB ( 94%) committed,  14 nodes.
      Class space:        1.00 GB reserved,      17.25 MB (  2%) committed,  1 nodes.
             Both:        1.11 GB reserved,     122.69 MB ( 11%) committed. 

Chunk freelists:
   Non-Class:  1.88 MB
       Class:  2.61 MB
        Both:  4.48 MB

MaxMetaspaceSize: unlimited
CompressedClassSpaceSize: 1.00 GB
Initial GC threshold: 21.00 MB
Current GC threshold: 198.56 MB
CDS: off
MetaspaceReclaimPolicy: balanced
 - commit_granule_bytes: 65536.
 - commit_granule_words: 8192.
 - virtual_space_node_default_size: 1048576.
 - enlarge_chunks_in_place: 1.
 - new_chunks_are_fully_committed: 0.
 - uncommit_free_chunks: 1.
 - use_allocation_guard: 0.
 - handle_deallocations: 1.


Internal statistics:

num_allocs_failed_limit: 9.
num_arena_births: 1624.
num_arena_deaths: 2.
num_vsnodes_births: 15.
num_vsnodes_deaths: 0.
num_space_committed: 1962.
num_space_uncommitted: 0.
num_chunks_returned_to_freelist: 11.
num_chunks_taken_from_freelist: 6540.
num_chunk_merges: 9.
num_chunk_splits: 4166.
num_chunks_enlarged: 2595.
num_purges: 2.
num_inconsistent_stats: 0.

CodeHeap 'non-profiled nmethods': size=120000Kb used=10350Kb max_used=10378Kb free=109649Kb
 bounds [0x00000278f5fc0000, 0x00000278f69f0000, 0x00000278fd4f0000]
CodeHeap 'profiled nmethods': size=120000Kb used=28874Kb max_used=29019Kb free=91125Kb
 bounds [0x00000278ee4f0000, 0x00000278f0150000, 0x00000278f5a20000]
CodeHeap 'non-nmethods': size=5760Kb used=2475Kb max_used=2535Kb free=3284Kb
 bounds [0x00000278f5a20000, 0x00000278f5ca0000, 0x00000278f5fc0000]
 total_blobs=16296 nmethods=15278 adapters=928
 compilation: enabled
              stopped_count=0, restarted_count=0
 full_count=0

Compilation events (20 events):
Event: 151.978 Thread 0x00000278ffae5e00 18216       3       com.android.zipflinger.ZipWriter::write (14 bytes)
Event: 151.978 Thread 0x00000278ffae5e00 nmethod 18216 0x00000278f0145310 code [0x00000278f01454c0, 0x00000278f0145678]
Event: 151.978 Thread 0x00000278ffae5e00 18217   !   3       sun.nio.ch.FileChannelImpl::write (106 bytes)
Event: 151.979 Thread 0x00000278ffae5e00 nmethod 18217 0x00000278f0145790 code [0x00000278f01459e0, 0x00000278f0146318]
Event: 152.415 Thread 0x00000278ffae5e00 18218   !   3       sun.nio.ch.FileChannelImpl::writeInternal (253 bytes)
Event: 152.416 Thread 0x00000278ffae5e00 nmethod 18218 0x00000278f0146610 code [0x00000278f01468a0, 0x00000278f0147408]
Event: 152.416 Thread 0x00000278ffae5e00 18219       3       sun.nio.ch.FileDispatcherImpl::pwrite (10 bytes)
Event: 152.416 Thread 0x00000278ffae5e00 nmethod 18219 0x00000278f0147910 code [0x00000278f0147aa0, 0x00000278f0147be8]
Event: 152.678 Thread 0x00000278ffae5e00 18221       3       java.util.stream.AbstractPipeline::<init> (91 bytes)
Event: 152.678 Thread 0x00000278ffae5e00 nmethod 18221 0x00000278f0147c90 code [0x00000278f0147e80, 0x00000278f0148518]
Event: 153.288 Thread 0x00000278ffae5e00 18222       3       sun.util.logging.internal.LoggingProviderImpl$JULWrapper::isLoggable (12 bytes)
Event: 153.289 Thread 0x00000278ffae5e00 nmethod 18222 0x00000278f0148710 code [0x00000278f01488c0, 0x00000278f0148ba8]
Event: 153.312 Thread 0x00000278ffae5360 18223       4       java.lang.invoke.MemberName::checkForTypeAlias (172 bytes)
Event: 153.360 Thread 0x00000278ffae5360 nmethod 18223 0x00000278f69e0e10 code [0x00000278f69e1060, 0x00000278f69e1e00]
Event: 153.730 Thread 0x00000278ffae5360 18224   !   4       java.lang.ref.ReferenceQueue::enqueue (119 bytes)
Event: 153.737 Thread 0x00000278ffae5360 nmethod 18224 0x00000278f67cba10 code [0x00000278f67cbbc0, 0x00000278f67cc258]
Event: 153.763 Thread 0x00000278ffae5360 18225       4       sun.nio.ch.FileChannelImpl::endBlocking (13 bytes)
Event: 153.779 Thread 0x00000278ffae5360 nmethod 18225 0x00000278f67cb390 code [0x00000278f67cb520, 0x00000278f67cb818]
Event: 153.831 Thread 0x00000278ffae5360 18226       4       sun.nio.ch.FileChannelImpl::beginBlocking (12 bytes)
Event: 153.836 Thread 0x00000278ffae5360 nmethod 18226 0x00000278f67cab10 code [0x00000278f67caca0, 0x00000278f67cb198]

GC Heap History (20 events):
Event: 115.089 GC heap before
{Heap before GC invocations=76 (full 0):
 garbage-first heap   total 264192K, used 217345K [0x0000000700000000, 0x0000000800000000)
  region size 2048K, 29 young (59392K), 2 survivors (4096K)
 Metaspace       used 118274K, committed 119360K, reserved 1155072K
  class space    used 16334K, committed 16832K, reserved 1048576K
}
Event: 115.100 GC heap after
{Heap after GC invocations=77 (full 0):
 garbage-first heap   total 264192K, used 167650K [0x0000000700000000, 0x0000000800000000)
  region size 2048K, 4 young (8192K), 4 survivors (8192K)
 Metaspace       used 118274K, committed 119360K, reserved 1155072K
  class space    used 16334K, committed 16832K, reserved 1048576K
}
Event: 125.224 GC heap before
{Heap before GC invocations=78 (full 0):
 garbage-first heap   total 294912K, used 229090K [0x0000000700000000, 0x0000000800000000)
  region size 2048K, 28 young (57344K), 4 survivors (8192K)
 Metaspace       used 118792K, committed 119872K, reserved 1155072K
  class space    used 16364K, committed 16832K, reserved 1048576K
}
Event: 125.241 GC heap after
{Heap after GC invocations=79 (full 0):
 garbage-first heap   total 294912K, used 171759K [0x0000000700000000, 0x0000000800000000)
  region size 2048K, 4 young (8192K), 4 survivors (8192K)
 Metaspace       used 118792K, committed 119872K, reserved 1155072K
  class space    used 16364K, committed 16832K, reserved 1048576K
}
Event: 126.608 GC heap before
{Heap before GC invocations=79 (full 0):
 garbage-first heap   total 362496K, used 315119K [0x0000000700000000, 0x0000000800000000)
  region size 2048K, 5 young (10240K), 4 survivors (8192K)
 Metaspace       used 118826K, committed 119872K, reserved 1155072K
  class space    used 16366K, committed 16832K, reserved 1048576K
}
Event: 126.639 GC heap after
{Heap after GC invocations=80 (full 0):
 garbage-first heap   total 362496K, used 239568K [0x0000000700000000, 0x0000000800000000)
  region size 2048K, 1 young (2048K), 1 survivors (2048K)
 Metaspace       used 118826K, committed 119872K, reserved 1155072K
  class space    used 16366K, committed 16832K, reserved 1048576K
}
Event: 132.267 GC heap before
{Heap before GC invocations=80 (full 0):
 garbage-first heap   total 362496K, used 346064K [0x0000000700000000, 0x0000000800000000)
  region size 2048K, 33 young (67584K), 1 survivors (2048K)
 Metaspace       used 120365K, committed 121472K, reserved 1155072K
  class space    used 16574K, committed 17088K, reserved 1048576K
}
Event: 132.279 GC heap after
{Heap after GC invocations=81 (full 0):
 garbage-first heap   total 362496K, used 216503K [0x0000000700000000, 0x0000000800000000)
  region size 2048K, 3 young (6144K), 3 survivors (6144K)
 Metaspace       used 120365K, committed 121472K, reserved 1155072K
  class space    used 16574K, committed 17088K, reserved 1048576K
}
Event: 133.572 GC heap before
{Heap before GC invocations=81 (full 0):
 garbage-first heap   total 362496K, used 300471K [0x0000000700000000, 0x0000000800000000)
  region size 2048K, 45 young (92160K), 3 survivors (6144K)
 Metaspace       used 120529K, committed 121664K, reserved 1155072K
  class space    used 16590K, committed 17088K, reserved 1048576K
}
Event: 133.589 GC heap after
{Heap after GC invocations=82 (full 0):
 garbage-first heap   total 362496K, used 227548K [0x0000000700000000, 0x0000000800000000)
  region size 2048K, 6 young (12288K), 6 survivors (12288K)
 Metaspace       used 120529K, committed 121664K, reserved 1155072K
  class space    used 16590K, committed 17088K, reserved 1048576K
}
Event: 133.893 GC heap before
{Heap before GC invocations=82 (full 0):
 garbage-first heap   total 362496K, used 245980K [0x0000000700000000, 0x0000000800000000)
  region size 2048K, 17 young (34816K), 6 survivors (12288K)
 Metaspace       used 120654K, committed 121728K, reserved 1155072K
  class space    used 16604K, committed 17088K, reserved 1048576K
}
Event: 133.906 GC heap after
{Heap after GC invocations=83 (full 0):
 garbage-first heap   total 362496K, used 230824K [0x0000000700000000, 0x0000000800000000)
  region size 2048K, 2 young (4096K), 2 survivors (4096K)
 Metaspace       used 120654K, committed 121728K, reserved 1155072K
  class space    used 16604K, committed 17088K, reserved 1048576K
}
Event: 135.772 GC heap before
{Heap before GC invocations=84 (full 0):
 garbage-first heap   total 438272K, used 302504K [0x0000000700000000, 0x0000000800000000)
  region size 2048K, 36 young (73728K), 2 survivors (4096K)
 Metaspace       used 121494K, committed 122560K, reserved 1155072K
  class space    used 16724K, committed 17216K, reserved 1048576K
}
Event: 135.781 GC heap after
{Heap after GC invocations=85 (full 0):
 garbage-first heap   total 438272K, used 234669K [0x0000000700000000, 0x0000000800000000)
  region size 2048K, 4 young (8192K), 4 survivors (8192K)
 Metaspace       used 121494K, committed 122560K, reserved 1155072K
  class space    used 16724K, committed 17216K, reserved 1048576K
}
Event: 135.811 GC heap before
{Heap before GC invocations=85 (full 0):
 garbage-first heap   total 438272K, used 246957K [0x0000000700000000, 0x0000000800000000)
  region size 2048K, 10 young (20480K), 4 survivors (8192K)
 Metaspace       used 121496K, committed 122560K, reserved 1155072K
  class space    used 16724K, committed 17216K, reserved 1048576K
}
Event: 135.823 GC heap after
{Heap after GC invocations=86 (full 0):
 garbage-first heap   total 438272K, used 234678K [0x0000000700000000, 0x0000000800000000)
  region size 2048K, 1 young (2048K), 1 survivors (2048K)
 Metaspace       used 121496K, committed 122560K, reserved 1155072K
  class space    used 16724K, committed 17216K, reserved 1048576K
}
Event: 153.706 GC heap before
{Heap before GC invocations=86 (full 0):
 garbage-first heap   total 438272K, used 412854K [0x0000000700000000, 0x0000000800000000)
  region size 2048K, 50 young (102400K), 1 survivors (2048K)
 Metaspace       used 124423K, committed 125632K, reserved 1163264K
  class space    used 17093K, committed 17664K, reserved 1048576K
}
Event: 153.723 GC heap after
{Heap after GC invocations=87 (full 0):
 garbage-first heap   total 438272K, used 305956K [0x0000000700000000, 0x0000000800000000)
  region size 2048K, 3 young (6144K), 3 survivors (6144K)
 Metaspace       used 124423K, committed 125632K, reserved 1163264K
  class space    used 17093K, committed 17664K, reserved 1048576K
}
Event: 153.764 GC heap before
{Heap before GC invocations=87 (full 0):
 garbage-first heap   total 438272K, used 308004K [0x0000000700000000, 0x0000000800000000)
  region size 2048K, 4 young (8192K), 3 survivors (6144K)
 Metaspace       used 124424K, committed 125632K, reserved 1163264K
  class space    used 17093K, committed 17664K, reserved 1048576K
}
Event: 153.777 GC heap after
{Heap after GC invocations=88 (full 0):
 garbage-first heap   total 438272K, used 306083K [0x0000000700000000, 0x0000000800000000)
  region size 2048K, 3 young (6144K), 3 survivors (6144K)
 Metaspace       used 124424K, committed 125632K, reserved 1163264K
  class space    used 17093K, committed 17664K, reserved 1048576K
}

Dll operation events (3 events):
Event: 0.032 Loaded shared library D:\Program Files\Android\Android Studio\jbr\bin\java.dll
Event: 0.348 Loaded shared library D:\Program Files\Android\Android Studio\jbr\bin\zip.dll
Event: 1.424 Loaded shared library D:\Program Files\Android\Android Studio\jbr\bin\verify.dll

Deoptimization events (20 events):
Event: 148.241 Thread 0x0000027895c91c90 Uncommon trap: trap_request=0xffffff45 fr.pc=0x00000278f602a518 relative=0x0000000000000b58
Event: 148.241 Thread 0x0000027895c91c90 Uncommon trap: reason=unstable_if action=reinterpret pc=0x00000278f602a518 method=java.util.Properties$LineReader.readLine()I @ 117 c2
Event: 148.241 Thread 0x0000027895c91c90 DEOPT PACKING pc=0x00000278f602a518 sp=0x000000dd2c9fdec0
Event: 148.241 Thread 0x0000027895c91c90 DEOPT UNPACKING pc=0x00000278f5a769a3 sp=0x000000dd2c9fde68 mode 2
Event: 148.824 Thread 0x0000027895d40c20 Uncommon trap: trap_request=0xffffff45 fr.pc=0x00000278f6781cc8 relative=0x0000000000002428
Event: 148.824 Thread 0x0000027895d40c20 Uncommon trap: reason=unstable_if action=reinterpret pc=0x00000278f6781cc8 method=java.lang.ThreadLocal.get()Ljava/lang/Object; @ 11 c2
Event: 148.824 Thread 0x0000027895d40c20 DEOPT PACKING pc=0x00000278f6781cc8 sp=0x000000dd2e4fe0b0
Event: 148.824 Thread 0x0000027895d40c20 DEOPT UNPACKING pc=0x00000278f5a769a3 sp=0x000000dd2e4fdf48 mode 2
Event: 150.613 Thread 0x0000027895c91c90 Uncommon trap: trap_request=0xffffff45 fr.pc=0x00000278f69de7c0 relative=0x0000000000000280
Event: 150.613 Thread 0x0000027895c91c90 Uncommon trap: reason=unstable_if action=reinterpret pc=0x00000278f69de7c0 method=com.android.zipflinger.PayloadInputStream.read([BII)I @ 12 c2
Event: 150.613 Thread 0x0000027895c91c90 DEOPT PACKING pc=0x00000278f69de7c0 sp=0x000000dd2c9fdef0
Event: 150.613 Thread 0x0000027895c91c90 DEOPT UNPACKING pc=0x00000278f5a769a3 sp=0x000000dd2c9fde50 mode 2
Event: 153.111 Thread 0x0000027895c91c90 Uncommon trap: trap_request=0xffffff45 fr.pc=0x00000278f68b32a0 relative=0x0000000000000280
Event: 153.111 Thread 0x0000027895c91c90 Uncommon trap: reason=unstable_if action=reinterpret pc=0x00000278f68b32a0 method=java.nio.channels.spi.AbstractInterruptibleChannel.end(Z)V @ 34 c2
Event: 153.111 Thread 0x0000027895c91c90 DEOPT PACKING pc=0x00000278f68b32a0 sp=0x000000dd2c9fdc00
Event: 153.111 Thread 0x0000027895c91c90 DEOPT UNPACKING pc=0x00000278f5a769a3 sp=0x000000dd2c9fdbc8 mode 2
Event: 153.321 Thread 0x0000027895d40c20 Uncommon trap: trap_request=0xffffff45 fr.pc=0x00000278f6947e00 relative=0x0000000000002980
Event: 153.321 Thread 0x0000027895d40c20 Uncommon trap: reason=unstable_if action=reinterpret pc=0x00000278f6947e00 method=java.lang.ThreadLocal.get()Ljava/lang/Object; @ 11 c2
Event: 153.321 Thread 0x0000027895d40c20 DEOPT PACKING pc=0x00000278f6947e00 sp=0x000000dd2e4fec70
Event: 153.321 Thread 0x0000027895d40c20 DEOPT UNPACKING pc=0x00000278f5a769a3 sp=0x000000dd2e4fea30 mode 2

Classes unloaded (1 events):
Event: 115.478 Thread 0x00000278ffa7bc60 Unloading class 0x000000080100c400 'java/lang/invoke/LambdaForm$DMH+0x000000080100c400'

Classes redefined (0 events):
No events

Internal exceptions (20 events):
Event: 139.672 Thread 0x000002788ed80d40 Exception <a 'sun/nio/fs/WindowsException'{0x00000007190f8480}> (0x00000007190f8480) 
thrown [s\src\hotspot\share\prims\jni.cpp, line 517]
Event: 139.717 Thread 0x000002788ed80d40 Exception <a 'sun/nio/fs/WindowsException'{0x0000000719112118}> (0x0000000719112118) 
thrown [s\src\hotspot\share\prims\jni.cpp, line 517]
Event: 139.721 Thread 0x000002788ed80d40 Exception <a 'sun/nio/fs/WindowsException'{0x000000071912c2a0}> (0x000000071912c2a0) 
thrown [s\src\hotspot\share\prims\jni.cpp, line 517]
Event: 139.723 Thread 0x000002788ed80d40 Exception <a 'sun/nio/fs/WindowsException'{0x0000000719141cc0}> (0x0000000719141cc0) 
thrown [s\src\hotspot\share\prims\jni.cpp, line 517]
Event: 139.730 Thread 0x000002788ed80d40 Exception <a 'sun/nio/fs/WindowsException'{0x00000007191530e8}> (0x00000007191530e8) 
thrown [s\src\hotspot\share\prims\jni.cpp, line 517]
Event: 139.933 Thread 0x0000027895d3b580 Exception <a 'sun/nio/fs/WindowsException'{0x0000000718fb4850}> (0x0000000718fb4850) 
thrown [s\src\hotspot\share\prims\jni.cpp, line 517]
Event: 139.933 Thread 0x0000027895d3b580 Exception <a 'sun/nio/fs/WindowsException'{0x0000000718fb4ce8}> (0x0000000718fb4ce8) 
thrown [s\src\hotspot\share\prims\jni.cpp, line 517]
Event: 140.210 Thread 0x0000027895c94310 Exception <a 'sun/nio/fs/WindowsException'{0x0000000718deda30}> (0x0000000718deda30) 
thrown [s\src\hotspot\share\prims\jni.cpp, line 517]
Event: 144.491 Thread 0x000002788ed83d60 Exception <a 'java/lang/NoSuchMethodError'{0x00000007188576e0}: 'java.lang.Object java.lang.invoke.Invokers$Holder.invokeExact_MT(java.lang.Object, java.lang.Object, java.lang.Object, int, java.lang.Object, java.lang.Object)'> (0x00000007188576e0) 
thrown [s\src\hotspot\share\interpreter\linkResolver.cpp, line 771]
Event: 146.885 Thread 0x000002788ed83d60 Exception <a 'java/lang/NoSuchMethodError'{0x0000000717ea5198}: static Lcom/android/build/api/variant/impl/SerializableApplicationMultiOutputHandler;.<clinit>()V> (0x0000000717ea5198) 
thrown [s\src\hotspot\share\prims\jni.cpp, line 1108]
Event: 146.888 Thread 0x000002788ed83d60 Exception <a 'java/lang/NoSuchMethodError'{0x0000000717ebb7b0}: static Lcom/android/build/api/variant/impl/VariantOutputImpl$SerializedForm;.<clinit>()V> (0x0000000717ebb7b0) 
thrown [s\src\hotspot\share\prims\jni.cpp, line 1108]
Event: 147.002 Thread 0x000002788ed83d60 Exception <a 'java/lang/NoSuchMethodError'{0x0000000717ed0200}: static Lcom/android/build/api/variant/impl/VariantOutputConfigurationImpl;.<clinit>()V> (0x0000000717ed0200) 
thrown [s\src\hotspot\share\prims\jni.cpp, line 1108]
Event: 148.086 Thread 0x0000027895c91c90 Implicit null exception at 0x00000278f68315b9 to 0x00000278f6831854
Event: 148.129 Thread 0x0000027895c91c90 Exception <a 'java/lang/NoSuchMethodError'{0x0000000717cfe438}: 'java.lang.Object java.lang.invoke.DirectMethodHandle$Holder.newInvokeSpecial(java.lang.Object, java.lang.Object, java.lang.Object, java.lang.Object, java.lang.Object, int, java.lang.Object)'> (0x0000000717cfe438) 
thrown [s\src\hotspot\share\interpreter\linkResolver.cpp, line 771]
Event: 148.130 Thread 0x0000027895c91c90 Exception <a 'java/lang/NoSuchMethodError'{0x0000000717d226c8}: 'java.lang.Object java.lang.invoke.Invokers$Holder.linkToTargetMethod(java.lang.Object, java.lang.Object, java.lang.Object, java.lang.Object, int, java.lang.Object, java.lang.Object)'> (0x0000000717d226c8) 
thrown [s\src\hotspot\share\interpreter\linkResolver.cpp, line 771]
Event: 148.148 Thread 0x0000027895c91c90 Exception <a 'java/lang/NoSuchMethodError'{0x0000000717db4480}: 'java.lang.Object java.lang.invoke.DirectMethodHandle$Holder.newInvokeSpecial(java.lang.Object, java.lang.Object, java.lang.Object, java.lang.Object, java.lang.Object, java.lang.Object, java.lang.Object, int)'> (0x0000000717db4480) 
thrown [s\src\hotspot\share\interpreter\linkResolver.cpp, line 771]
Event: 148.148 Thread 0x0000027895c91c90 Exception <a 'java/lang/NoSuchMethodError'{0x0000000717db96d8}: 'java.lang.Object java.lang.invoke.DirectMethodHandle$Holder.invokeSpecial(java.lang.Object, java.lang.Object, java.lang.Object, java.lang.Object, java.lang.Object, java.lang.Object, java.lang.Object, java.lang.Object, int)'> (0x0000000717db96d8) 
thrown [s\src\hotspot\share\interpreter\linkResolver.cpp, line 771]
Event: 148.149 Thread 0x0000027895c91c90 Exception <a 'java/lang/NoSuchMethodError'{0x0000000717dbe400}: 'java.lang.Object java.lang.invoke.Invokers$Holder.linkToTargetMethod(java.lang.Object, java.lang.Object, java.lang.Object, java.lang.Object, java.lang.Object, java.lang.Object, int, java.lang.Object)'> (0x0000000717dbe400) 
thrown [s\src\hotspot\share\interpreter\linkResolver.cpp, line 771]
Event: 148.824 Thread 0x0000027895d40c20 Implicit null exception at 0x00000278f677f8f8 to 0x00000278f6781cac
Event: 153.321 Thread 0x0000027895d40c20 Implicit null exception at 0x00000278f6945938 to 0x00000278f6947dbc

VM Operations (20 events):
Event: 146.244 Executing VM operation: Cleanup done
Event: 147.248 Executing VM operation: Cleanup
Event: 147.453 Executing VM operation: Cleanup done
Event: 147.921 Executing VM operation: HandshakeAllThreads
Event: 147.921 Executing VM operation: HandshakeAllThreads done
Event: 148.929 Executing VM operation: Cleanup
Event: 148.994 Executing VM operation: Cleanup done
Event: 149.995 Executing VM operation: Cleanup
Event: 149.995 Executing VM operation: Cleanup done
Event: 151.010 Executing VM operation: Cleanup
Event: 151.010 Executing VM operation: Cleanup done
Event: 153.030 Executing VM operation: Cleanup
Event: 153.031 Executing VM operation: Cleanup done
Event: 153.360 Executing VM operation: HandshakeAllThreads
Event: 153.360 Executing VM operation: HandshakeAllThreads done
Event: 153.705 Executing VM operation: G1CollectForAllocation
Event: 153.723 Executing VM operation: G1CollectForAllocation done
Event: 153.764 Executing VM operation: G1TryInitiateConcMark
Event: 153.777 Executing VM operation: G1TryInitiateConcMark done
Event: 154.559 Executing VM operation: G1Concurrent

Events (20 events):
Event: 153.415 Thread 0x00000278ffae67f0 flushing nmethod 0x00000278ef380510
Event: 153.418 Thread 0x00000278ffae67f0 flushing nmethod 0x00000278ef498910
Event: 153.418 Thread 0x00000278ffae67f0 flushing nmethod 0x00000278ef4a1d10
Event: 153.418 Thread 0x00000278ffae67f0 flushing nmethod 0x00000278ef4a3110
Event: 153.419 Thread 0x00000278ffae67f0 flushing nmethod 0x00000278ef4a4810
Event: 153.419 Thread 0x00000278ffae67f0 flushing nmethod 0x00000278ef4b7b90
Event: 153.419 Thread 0x00000278ffae67f0 flushing nmethod 0x00000278ef4d1510
Event: 153.421 Thread 0x00000278ffae67f0 flushing nmethod 0x00000278ef5e7090
Event: 153.424 Thread 0x00000278ffae67f0 flushing nmethod 0x00000278ef741590
Event: 153.430 Thread 0x00000278ffae67f0 flushing nmethod 0x00000278ef9b4790
Event: 153.430 Thread 0x00000278ffae67f0 flushing nmethod 0x00000278efa3d810
Event: 153.432 Thread 0x00000278ffae67f0 flushing nmethod 0x00000278efaee590
Event: 153.433 Thread 0x00000278ffae67f0 flushing nmethod 0x00000278efb04f10
Event: 153.433 Thread 0x00000278ffae67f0 flushing nmethod 0x00000278efb53790
Event: 153.433 Thread 0x00000278ffae67f0 flushing nmethod 0x00000278efb59810
Event: 153.434 Thread 0x00000278ffae67f0 flushing nmethod 0x00000278efbea710
Event: 153.434 Thread 0x00000278ffae67f0 flushing nmethod 0x00000278efc2c890
Event: 153.435 Thread 0x00000278ffae67f0 flushing nmethod 0x00000278efc58810
Event: 153.435 Thread 0x00000278ffae67f0 flushing nmethod 0x00000278efc73310
Event: 153.435 Thread 0x00000278ffae67f0 flushing nmethod 0x00000278efc73e10


Dynamic libraries:
0x00007ff7eb0f0000 - 0x00007ff7eb0fa000 	D:\Program Files\Android\Android Studio\jbr\bin\java.exe
0x00007ffa120b0000 - 0x00007ffa122c7000 	C:\WINDOWS\SYSTEM32\ntdll.dll
0x00007ffa10090000 - 0x00007ffa10154000 	C:\WINDOWS\System32\KERNEL32.DLL
0x00007ffa0f590000 - 0x00007ffa0f94a000 	C:\WINDOWS\System32\KERNELBASE.dll
0x00007ffa0f950000 - 0x00007ffa0fa61000 	C:\WINDOWS\System32\ucrtbase.dll
0x00007ff9f3a60000 - 0x00007ff9f3a7b000 	D:\Program Files\Android\Android Studio\jbr\bin\VCRUNTIME140.dll
0x00007ff9f3a80000 - 0x00007ff9f3a97000 	D:\Program Files\Android\Android Studio\jbr\bin\jli.dll
0x00007ffa0fdb0000 - 0x00007ffa0ff5e000 	C:\WINDOWS\System32\USER32.dll
0x00007ffa0fa70000 - 0x00007ffa0fa96000 	C:\WINDOWS\System32\win32u.dll
0x00007ff9fd3c0000 - 0x00007ff9fd652000 	C:\WINDOWS\WinSxS\amd64_microsoft.windows.common-controls_6595b64144ccf1df_6.0.22621.4541_none_2710d1c57384c085\COMCTL32.dll
0x00007ffa10160000 - 0x00007ffa10189000 	C:\WINDOWS\System32\GDI32.dll
0x00007ffa11b90000 - 0x00007ffa11c37000 	C:\WINDOWS\System32\msvcrt.dll
0x00007ffa0fbd0000 - 0x00007ffa0fceb000 	C:\WINDOWS\System32\gdi32full.dll
0x00007ffa0f380000 - 0x00007ffa0f41a000 	C:\WINDOWS\System32\msvcp_win.dll
0x00007ffa116e0000 - 0x00007ffa11711000 	C:\WINDOWS\System32\IMM32.DLL
0x00007ff9f3a50000 - 0x00007ff9f3a5c000 	D:\Program Files\Android\Android Studio\jbr\bin\vcruntime140_1.dll
0x00007ff9f39c0000 - 0x00007ff9f3a4d000 	D:\Program Files\Android\Android Studio\jbr\bin\msvcp140.dll
0x00007ff9dc250000 - 0x00007ff9dcebd000 	D:\Program Files\Android\Android Studio\jbr\bin\server\jvm.dll
0x00007ffa11e00000 - 0x00007ffa11eb2000 	C:\WINDOWS\System32\ADVAPI32.dll
0x00007ffa11430000 - 0x00007ffa114d7000 	C:\WINDOWS\System32\sechost.dll
0x00007ffa0fb20000 - 0x00007ffa0fb48000 	C:\WINDOWS\System32\bcrypt.dll
0x00007ffa103c0000 - 0x00007ffa104d4000 	C:\WINDOWS\System32\RPCRT4.dll
0x00007ff9f39b0000 - 0x00007ff9f39b9000 	C:\WINDOWS\SYSTEM32\WSOCK32.dll
0x00007ffa10190000 - 0x00007ffa10201000 	C:\WINDOWS\System32\WS2_32.dll
0x00007ffa0bf30000 - 0x00007ffa0bf64000 	C:\WINDOWS\SYSTEM32\WINMM.dll
0x00007ffa05b50000 - 0x00007ffa05b5a000 	C:\WINDOWS\SYSTEM32\VERSION.dll
0x00007ffa0e3c0000 - 0x00007ffa0e3d8000 	C:\WINDOWS\SYSTEM32\kernel.appcore.dll
0x00007ff9f39a0000 - 0x00007ff9f39aa000 	D:\Program Files\Android\Android Studio\jbr\bin\jimage.dll
0x00007ffa0c990000 - 0x00007ffa0cbc2000 	C:\WINDOWS\SYSTEM32\DBGHELP.DLL
0x00007ffa11800000 - 0x00007ffa11b8f000 	C:\WINDOWS\System32\combase.dll
0x00007ffa11720000 - 0x00007ffa117f7000 	C:\WINDOWS\System32\OLEAUT32.dll
0x00007ff9fac60000 - 0x00007ff9fac92000 	C:\WINDOWS\SYSTEM32\dbgcore.DLL
0x00007ffa0fb50000 - 0x00007ffa0fbcb000 	C:\WINDOWS\System32\bcryptPrimitives.dll
0x00007ff9f1d50000 - 0x00007ff9f1d5e000 	D:\Program Files\Android\Android Studio\jbr\bin\instrument.dll
0x00007ff9f3970000 - 0x00007ff9f3995000 	D:\Program Files\Android\Android Studio\jbr\bin\java.dll
0x00007ff9f3950000 - 0x00007ff9f3968000 	D:\Program Files\Android\Android Studio\jbr\bin\zip.dll
0x00007ffa10530000 - 0x00007ffa10da8000 	C:\WINDOWS\System32\SHELL32.dll
0x00007ffa0d2c0000 - 0x00007ffa0dbc8000 	C:\WINDOWS\SYSTEM32\windows.storage.dll
0x00007ffa0d180000 - 0x00007ffa0d2bf000 	C:\WINDOWS\SYSTEM32\wintypes.dll
0x00007ffa10210000 - 0x00007ffa1030a000 	C:\WINDOWS\System32\SHCORE.dll
0x00007ffa10dd0000 - 0x00007ffa10e2e000 	C:\WINDOWS\System32\shlwapi.dll
0x00007ffa0f2b0000 - 0x00007ffa0f2db000 	C:\WINDOWS\SYSTEM32\profapi.dll
0x00007ff9f3b10000 - 0x00007ff9f3b29000 	D:\Program Files\Android\Android Studio\jbr\bin\net.dll
0x00007ffa09030000 - 0x00007ffa09166000 	C:\WINDOWS\SYSTEM32\WINHTTP.dll
0x00007ffa0e840000 - 0x00007ffa0e8a9000 	C:\WINDOWS\system32\mswsock.dll
0x00007ff9f3af0000 - 0x00007ff9f3b06000 	D:\Program Files\Android\Android Studio\jbr\bin\nio.dll
0x00007ff9f3ae0000 - 0x00007ff9f3af0000 	D:\Program Files\Android\Android Studio\jbr\bin\verify.dll
0x00007ff9eaa40000 - 0x00007ff9eaa67000 	C:\Users\nahdl\.gradle\native\68d5fa5c4cc2d200863cafc0d521ce42e7d3e7ee720ec0a83991735586a16f82\windows-amd64\native-platform.dll
0x00007ff9b4e40000 - 0x00007ff9b4f84000 	C:\Users\nahdl\.gradle\native\e376f236ea51e6404a007f0833ffe2c6e607c4080706a723a18a27aeea778392\windows-amd64\native-platform-file-events.dll
0x00007ff9f3aa0000 - 0x00007ff9f3aa9000 	D:\Program Files\Android\Android Studio\jbr\bin\management.dll
0x00007ff9f3940000 - 0x00007ff9f394b000 	D:\Program Files\Android\Android Studio\jbr\bin\management_ext.dll
0x00007ffa0ff80000 - 0x00007ffa0ff88000 	C:\WINDOWS\System32\PSAPI.DLL
0x00007ffa0ea90000 - 0x00007ffa0eaab000 	C:\WINDOWS\SYSTEM32\CRYPTSP.dll
0x00007ffa0e320000 - 0x00007ffa0e355000 	C:\WINDOWS\system32\rsaenh.dll
0x00007ffa0e930000 - 0x00007ffa0e958000 	C:\WINDOWS\SYSTEM32\USERENV.dll
0x00007ffa0eab0000 - 0x00007ffa0eabc000 	C:\WINDOWS\SYSTEM32\CRYPTBASE.dll
0x00007ffa0de30000 - 0x00007ffa0de5d000 	C:\WINDOWS\SYSTEM32\IPHLPAPI.DLL
0x00007ffa10e30000 - 0x00007ffa10e39000 	C:\WINDOWS\System32\NSI.dll
0x00007ffa08fc0000 - 0x00007ffa08fd9000 	C:\WINDOWS\SYSTEM32\dhcpcsvc6.DLL
0x00007ffa08f80000 - 0x00007ffa08f9f000 	C:\WINDOWS\SYSTEM32\dhcpcsvc.DLL
0x00007ffa0dea0000 - 0x00007ffa0dfa2000 	C:\WINDOWS\SYSTEM32\DNSAPI.dll
0x00007ff9f3930000 - 0x00007ff9f3938000 	C:\WINDOWS\system32\wshunix.dll
0x00007ffa09930000 - 0x00007ffa09947000 	C:\WINDOWS\system32\napinsp.dll
0x00007ff9fdc10000 - 0x00007ff9fdc2b000 	C:\WINDOWS\system32\pnrpnsp.dll
0x00007ff9f1c90000 - 0x00007ff9f1ca1000 	C:\WINDOWS\System32\winrnr.dll
0x00007ffa08f60000 - 0x00007ffa08f75000 	C:\WINDOWS\system32\wshbth.dll
0x00007ffa062f0000 - 0x00007ffa06317000 	C:\WINDOWS\system32\nlansp_c.dll
0x00007ffa0a280000 - 0x00007ffa0a28a000 	C:\Windows\System32\rasadhlp.dll
0x00007ffa07bd0000 - 0x00007ffa07c53000 	C:\WINDOWS\System32\fwpuclnt.dll
0x00007ffa0e4d0000 - 0x00007ffa0e504000 	C:\WINDOWS\SYSTEM32\ntmarta.dll

dbghelp: loaded successfully - version: 4.0.5 - missing functions: none
symbol engine: initialized successfully - sym options: 0x614 - pdb path: .;D:\Program Files\Android\Android Studio\jbr\bin;C:\WINDOWS\SYSTEM32;C:\WINDOWS\WinSxS\amd64_microsoft.windows.common-controls_6595b64144ccf1df_6.0.22621.4541_none_2710d1c57384c085;D:\Program Files\Android\Android Studio\jbr\bin\server;C:\Users\nahdl\.gradle\native\68d5fa5c4cc2d200863cafc0d521ce42e7d3e7ee720ec0a83991735586a16f82\windows-amd64;C:\Users\nahdl\.gradle\native\e376f236ea51e6404a007f0833ffe2c6e607c4080706a723a18a27aeea778392\windows-amd64

VM Arguments:
jvm_args: --add-opens=java.base/java.util=ALL-UNNAMED --add-opens=java.base/java.lang=ALL-UNNAMED --add-opens=java.base/java.lang.invoke=ALL-UNNAMED --add-opens=java.prefs/java.util.prefs=ALL-UNNAMED --add-opens=java.base/java.nio.charset=ALL-UNNAMED --add-opens=java.base/java.net=ALL-UNNAMED --add-opens=java.base/java.util.concurrent.atomic=ALL-UNNAMED -Xmx4G -Dfile.encoding=windows-1252 -Duser.country=ID -Duser.language=en -Duser.variant -javaagent:C:\Users\nahdl\.gradle\wrapper\dists\gradle-8.3-all\6en3ugtfdg5xnpx44z4qbwgas\gradle-8.3\lib\agents\gradle-instrumentation-agent-8.3.jar 
java_command: org.gradle.launcher.daemon.bootstrap.GradleDaemon 8.3
java_class_path (initial): C:\Users\nahdl\.gradle\wrapper\dists\gradle-8.3-all\6en3ugtfdg5xnpx44z4qbwgas\gradle-8.3\lib\gradle-launcher-8.3.jar
Launcher Type: SUN_STANDARD

[Global flags]
     intx CICompilerCount                          = 4                                         {product} {ergonomic}
     uint ConcGCThreads                            = 2                                         {product} {ergonomic}
     uint G1ConcRefinementThreads                  = 8                                         {product} {ergonomic}
   size_t G1HeapRegionSize                         = 2097152                                   {product} {ergonomic}
    uintx GCDrainStackTargetSize                   = 64                                        {product} {ergonomic}
   size_t InitialHeapSize                          = 117440512                                 {product} {ergonomic}
   size_t MarkStackSize                            = 4194304                                   {product} {ergonomic}
   size_t MaxHeapSize                              = 4294967296                                {product} {command line}
   size_t MaxNewSize                               = 2575302656                                {product} {ergonomic}
   size_t MinHeapDeltaBytes                        = 2097152                                   {product} {ergonomic}
   size_t MinHeapSize                              = 8388608                                   {product} {ergonomic}
    uintx NonNMethodCodeHeapSize                   = 5839372                                {pd product} {ergonomic}
    uintx NonProfiledCodeHeapSize                  = 122909434                              {pd product} {ergonomic}
    uintx ProfiledCodeHeapSize                     = 122909434                              {pd product} {ergonomic}
    uintx ReservedCodeCacheSize                    = 251658240                              {pd product} {ergonomic}
     bool SegmentedCodeCache                       = true                                      {product} {ergonomic}
   size_t SoftMaxHeapSize                          = 4294967296                             {manageable} {ergonomic}
     bool UseCompressedClassPointers               = true                           {product lp64_product} {ergonomic}
     bool UseCompressedOops                        = true                           {product lp64_product} {ergonomic}
     bool UseG1GC                                  = true                                      {product} {ergonomic}
     bool UseLargePagesIndividualAllocation        = false                                  {pd product} {ergonomic}

Logging:
Log output configuration:
 #0: stdout all=warning uptime,level,tags
 #1: stderr all=off uptime,level,tags

Environment Variables:
JAVA_HOME=D:\Program Files\Android\Android Studio\jbr
CLASSPATH=E:\Kuliah\PROPOSAL DAN SKRIPSI\SKRIPSI\aplikasi android\imunisasiku\android\\gradle\wrapper\gradle-wrapper.jar
PATH=D:\Program Files\Android\Android Studio\jbr\bin;C:\WINDOWS\system32;C:\WINDOWS;C:\WINDOWS\System32\Wbem;C:\WINDOWS\System32\WindowsPowerShell\v1.0\;C:\WINDOWS\System32\OpenSSH\;D:\Program Files\Git\cmd;D:\tools\flutter\bin;C:\Program Files\nodejs\;C:\Program Files\nodejs\node_modules\npm\bin;C:\Users\nahdl\AppData\Local\Microsoft\WindowsApps;D:\tools\flutter\bin;D:\Program Files\Git\bin;C:\Users\nahdl\AppData\Roaming\npm;C:\Program Files\nodejs\node_modules\npm\bin;
USERNAME=nahdl
OS=Windows_NT
PROCESSOR_IDENTIFIER=AMD64 Family 23 Model 24 Stepping 1, AuthenticAMD
TMP=C:\Users\nahdl\AppData\Local\Temp
TEMP=C:\Users\nahdl\AppData\Local\Temp



---------------  S Y S T E M  ---------------

OS:
 Windows 11 , 64 bit Build 22621 (10.0.22621.4391)
OS uptime: 0 days 2:17 hours

CPU: total 8 (initial active 8) (8 cores per cpu, 2 threads per core) family 23 model 24 stepping 1 microcode 0x0, cx8, cmov, fxsr, ht, mmx, 3dnowpref, sse, sse2, sse3, ssse3, sse4a, sse4.1, sse4.2, popcnt, lzcnt, tsc, tscinvbit, avx, avx2, aes, clmul, bmi1, bmi2, adx, sha, fma, vzeroupper, clflush, clflushopt

Memory: 4k page, system-wide physical 7103M (189M free)
TotalPageFile size 17272M (AvailPageFile size 178M)
current process WorkingSet (physical memory assigned to process): 488M, peak: 537M
current process commit charge ("private bytes"): 845M, peak: 1011M

vm_info: OpenJDK 64-Bit Server VM (17.0.6+0-b2043.56-9586694) for windows-amd64 JRE (17.0.6+0-b2043.56-9586694), built on Feb  9 2023 20:06:20 by "androidbuild" with MS VC++ 16.10 / 16.11 (VS2019)

END.
